<?xml version="1.0" encoding="UTF-8"?>
<testsuite xmlns:xsi="http://www.w3.org/2001/XMLSchema-instance" xsi:noNamespaceSchemaLocation="https://maven.apache.org/surefire/maven-surefire-plugin/xsd/surefire-test-report-3.0.xsd" version="3.0" name="runner.SampleTest" time="10.737" tests="5" errors="0" skipped="0" failures="3">
  <properties>
[...]
</properties>
  <testcase name="[1:16] Create a new product (POST)" classname="features/product-crud" time="3.932">
    <system-out><![CDATA[13:37:09.618 [main] DEBUG com.jayway.jsonpath.internal.path.CompiledPath -- Evaluating path: $
13:37:09.681 [main] DEBUG io.netty.util.internal.logging.InternalLoggerFactory -- Using SLF4J as the default logging framework
13:37:09.681 [main] DEBUG io.netty.util.internal.PlatformDependent0 -- -Dio.netty.noUnsafe: false
13:37:09.681 [main] DEBUG io.netty.util.internal.PlatformDependent0 -- Java version: 21
13:37:09.681 [main] DEBUG io.netty.util.internal.PlatformDependent0 -- sun.misc.Unsafe.theUnsafe: available
13:37:09.681 [main] DEBUG io.netty.util.internal.PlatformDependent0 -- sun.misc.Unsafe.copyMemory: available
13:37:09.681 [main] DEBUG io.netty.util.internal.PlatformDependent0 -- sun.misc.Unsafe.storeFence: available
13:37:09.681 [main] DEBUG io.netty.util.internal.PlatformDependent0 -- java.nio.Buffer.address: available
13:37:09.681 [main] DEBUG io.netty.util.internal.PlatformDependent0 -- direct buffer constructor: unavailable: Reflective setAccessible(true) disabled
13:37:09.681 [main] DEBUG io.netty.util.internal.PlatformDependent0 -- java.nio.Bits.unaligned: available, true
13:37:09.681 [main] DEBUG io.netty.util.internal.PlatformDependent0 -- jdk.internal.misc.Unsafe.allocateUninitializedArray(int): unavailable: class io.netty.util.internal.PlatformDependent0$7 cannot access class jdk.internal.misc.Unsafe (in module java.base) because module java.base does not export jdk.internal.misc to unnamed module @30a3107a
13:37:09.681 [main] DEBUG io.netty.util.internal.PlatformDependent0 -- java.nio.DirectByteBuffer.<init>(long, {int,long}): unavailable
13:37:09.681 [main] DEBUG io.netty.util.internal.PlatformDependent -- sun.misc.Unsafe: available
13:37:09.681 [main] DEBUG io.netty.util.internal.PlatformDependent -- maxDirectMemory: 2078277632 bytes (maybe)
13:37:09.681 [main] DEBUG io.netty.util.internal.PlatformDependent -- -Dio.netty.tmpdir: C:\Users\mburh\AppData\Local\Temp (java.io.tmpdir)
13:37:09.681 [main] DEBUG io.netty.util.internal.PlatformDependent -- -Dio.netty.bitMode: 64 (sun.arch.data.model)
13:37:09.681 [main] DEBUG io.netty.util.internal.PlatformDependent -- Platform: Windows
13:37:09.681 [main] DEBUG io.netty.util.internal.PlatformDependent -- -Dio.netty.maxDirectMemory: -1 bytes
13:37:09.681 [main] DEBUG io.netty.util.internal.PlatformDependent -- -Dio.netty.uninitializedArrayAllocationThreshold: -1
13:37:09.681 [main] DEBUG io.netty.util.internal.CleanerJava9 -- java.nio.ByteBuffer.cleaner(): available
13:37:09.681 [main] DEBUG io.netty.util.internal.PlatformDependent -- -Dio.netty.noPreferDirect: false
13:37:09.990 [main] DEBUG org.apache.http.client.protocol.RequestAddCookies -- CookieSpec selected: karate
13:37:09.990 [main] DEBUG org.apache.http.client.protocol.RequestAuthCache -- Auth cache not set in the context
13:37:09.990 [main] DEBUG com.intuit.karate -- request:
1 > POST https://api.escuelajs.co/api/v1/products
1 > Content-Type: application/json; charset=UTF-8
1 > Content-Length: 155
1 > Host: api.escuelajs.co
1 > Connection: Keep-Alive
1 > User-Agent: Apache-HttpClient/4.5.14 (Java/21.0.7)
1 > Accept-Encoding: gzip,deflate
{"title":"Test 1","price":65,"description":"This is a test product created using Karate","categoryId":1,"images":["https:\/\/placeimg.com\/640\/480\/any"]}

13:37:10.005 [main] DEBUG org.apache.http.impl.conn.PoolingHttpClientConnectionManager -- Connection request: [route: {s}->https://api.escuelajs.co:443][total available: 0; route allocated: 0 of 5; total allocated: 0 of 10]
13:37:10.015 [main] DEBUG org.apache.http.impl.conn.PoolingHttpClientConnectionManager -- Connection leased: [id: 0][route: {s}->https://api.escuelajs.co:443][total available: 0; route allocated: 1 of 5; total allocated: 1 of 10]
13:37:10.015 [main] DEBUG org.apache.http.impl.execchain.MainClientExec -- Opening connection {s}->https://api.escuelajs.co:443
13:37:10.521 [main] DEBUG org.apache.http.impl.conn.DefaultHttpClientConnectionOperator -- Connecting to api.escuelajs.co/35.71.145.101:443
13:37:10.521 [main] DEBUG org.apache.http.conn.ssl.SSLConnectionSocketFactory -- Connecting socket to api.escuelajs.co/35.71.145.101:443 with timeout 30000
13:37:10.882 [main] DEBUG org.apache.http.conn.ssl.SSLConnectionSocketFactory -- Enabled protocols: [TLSv1.3, TLSv1.2]
13:37:10.882 [main] DEBUG org.apache.http.conn.ssl.SSLConnectionSocketFactory -- Enabled cipher suites:[TLS_AES_256_GCM_SHA384, TLS_AES_128_GCM_SHA256, TLS_CHACHA20_POLY1305_SHA256, TLS_ECDHE_ECDSA_WITH_AES_256_GCM_SHA384, TLS_ECDHE_ECDSA_WITH_AES_128_GCM_SHA256, TLS_ECDHE_ECDSA_WITH_CHACHA20_POLY1305_SHA256, TLS_ECDHE_RSA_WITH_AES_256_GCM_SHA384, TLS_ECDHE_RSA_WITH_CHACHA20_POLY1305_SHA256, TLS_ECDHE_RSA_WITH_AES_128_GCM_SHA256, TLS_DHE_RSA_WITH_AES_256_GCM_SHA384, TLS_DHE_RSA_WITH_CHACHA20_POLY1305_SHA256, TLS_DHE_DSS_WITH_AES_256_GCM_SHA384, TLS_DHE_RSA_WITH_AES_128_GCM_SHA256, TLS_DHE_DSS_WITH_AES_128_GCM_SHA256, TLS_ECDHE_ECDSA_WITH_AES_256_CBC_SHA384, TLS_ECDHE_RSA_WITH_AES_256_CBC_SHA384, TLS_ECDHE_ECDSA_WITH_AES_128_CBC_SHA256, TLS_ECDHE_RSA_WITH_AES_128_CBC_SHA256, TLS_DHE_RSA_WITH_AES_256_CBC_SHA256, TLS_DHE_DSS_WITH_AES_256_CBC_SHA256, TLS_DHE_RSA_WITH_AES_128_CBC_SHA256, TLS_DHE_DSS_WITH_AES_128_CBC_SHA256, TLS_ECDHE_ECDSA_WITH_AES_256_CBC_SHA, TLS_ECDHE_RSA_WITH_AES_256_CBC_SHA, TLS_ECDHE_ECDSA_WITH_AES_128_CBC_SHA, TLS_ECDHE_RSA_WITH_AES_128_CBC_SHA, TLS_DHE_RSA_WITH_AES_256_CBC_SHA, TLS_DHE_DSS_WITH_AES_256_CBC_SHA, TLS_DHE_RSA_WITH_AES_128_CBC_SHA, TLS_DHE_DSS_WITH_AES_128_CBC_SHA, TLS_RSA_WITH_AES_256_GCM_SHA384, TLS_RSA_WITH_AES_128_GCM_SHA256, TLS_RSA_WITH_AES_256_CBC_SHA256, TLS_RSA_WITH_AES_128_CBC_SHA256, TLS_RSA_WITH_AES_256_CBC_SHA, TLS_RSA_WITH_AES_128_CBC_SHA, TLS_EMPTY_RENEGOTIATION_INFO_SCSV]
13:37:10.882 [main] DEBUG org.apache.http.conn.ssl.SSLConnectionSocketFactory -- Starting handshake
13:37:11.302 [main] DEBUG org.apache.http.conn.ssl.SSLConnectionSocketFactory -- Secure session established
13:37:11.302 [main] DEBUG org.apache.http.conn.ssl.SSLConnectionSocketFactory --  negotiated protocol: TLSv1.3
13:37:11.302 [main] DEBUG org.apache.http.conn.ssl.SSLConnectionSocketFactory --  negotiated cipher suite: TLS_AES_128_GCM_SHA256
13:37:11.302 [main] DEBUG org.apache.http.conn.ssl.SSLConnectionSocketFactory --  peer principal: CN=api.escuelajs.co
13:37:11.302 [main] DEBUG org.apache.http.conn.ssl.SSLConnectionSocketFactory --  peer alternative names: [api.escuelajs.co]
13:37:11.302 [main] DEBUG org.apache.http.conn.ssl.SSLConnectionSocketFactory --  issuer principal: CN=R11, O=Let's Encrypt, C=US
13:37:11.306 [main] DEBUG org.apache.http.impl.conn.DefaultHttpClientConnectionOperator -- Connection established 192.168.1.3:51485<->35.71.145.101:443
13:37:11.306 [main] DEBUG org.apache.http.impl.conn.DefaultManagedHttpClientConnection -- http-outgoing-0: set socket timeout to 30000
13:37:11.306 [main] DEBUG org.apache.http.impl.execchain.MainClientExec -- Executing request POST /api/v1/products HTTP/1.1
13:37:11.306 [main] DEBUG org.apache.http.impl.execchain.MainClientExec -- Target auth state: UNCHALLENGED
13:37:11.306 [main] DEBUG org.apache.http.impl.execchain.MainClientExec -- Proxy auth state: UNCHALLENGED
13:37:11.306 [main] DEBUG org.apache.http.headers -- http-outgoing-0 >> POST /api/v1/products HTTP/1.1
13:37:11.306 [main] DEBUG org.apache.http.headers -- http-outgoing-0 >> Content-Type: application/json; charset=UTF-8
13:37:11.306 [main] DEBUG org.apache.http.headers -- http-outgoing-0 >> Content-Length: 155
13:37:11.306 [main] DEBUG org.apache.http.headers -- http-outgoing-0 >> Host: api.escuelajs.co
13:37:11.306 [main] DEBUG org.apache.http.headers -- http-outgoing-0 >> Connection: Keep-Alive
13:37:11.306 [main] DEBUG org.apache.http.headers -- http-outgoing-0 >> User-Agent: Apache-HttpClient/4.5.14 (Java/21.0.7)
13:37:11.306 [main] DEBUG org.apache.http.headers -- http-outgoing-0 >> Accept-Encoding: gzip,deflate
13:37:11.306 [main] DEBUG org.apache.http.wire -- http-outgoing-0 >> "POST /api/v1/products HTTP/1.1[\r][\n]"
13:37:11.306 [main] DEBUG org.apache.http.wire -- http-outgoing-0 >> "Content-Type: application/json; charset=UTF-8[\r][\n]"
13:37:11.306 [main] DEBUG org.apache.http.wire -- http-outgoing-0 >> "Content-Length: 155[\r][\n]"
13:37:11.306 [main] DEBUG org.apache.http.wire -- http-outgoing-0 >> "Host: api.escuelajs.co[\r][\n]"
13:37:11.306 [main] DEBUG org.apache.http.wire -- http-outgoing-0 >> "Connection: Keep-Alive[\r][\n]"
13:37:11.306 [main] DEBUG org.apache.http.wire -- http-outgoing-0 >> "User-Agent: Apache-HttpClient/4.5.14 (Java/21.0.7)[\r][\n]"
13:37:11.306 [main] DEBUG org.apache.http.wire -- http-outgoing-0 >> "Accept-Encoding: gzip,deflate[\r][\n]"
13:37:11.306 [main] DEBUG org.apache.http.wire -- http-outgoing-0 >> "[\r][\n]"
13:37:11.306 [main] DEBUG org.apache.http.wire -- http-outgoing-0 >> "{"title":"Test 1","price":65,"description":"This is a test product created using Karate","categoryId":1,"images":["https:\/\/placeimg.com\/640\/480\/any"]}"
13:37:11.962 [main] DEBUG org.apache.http.wire -- http-outgoing-0 << "HTTP/1.1 201 Created[\r][\n]"
13:37:11.962 [main] DEBUG org.apache.http.wire -- http-outgoing-0 << "Access-Control-Allow-Origin: *[\r][\n]"
13:37:11.962 [main] DEBUG org.apache.http.wire -- http-outgoing-0 << "Content-Length: 415[\r][\n]"
13:37:11.962 [main] DEBUG org.apache.http.wire -- http-outgoing-0 << "Content-Security-Policy: script-src 'self' 'unsafe-inline' https://cdn.jsdelivr.net;img-src 'self' data: https://cdn.jsdelivr.net;default-src 'self';base-uri 'self';font-src 'self' https: data:;form-action 'self';frame-ancestors 'self';object-src 'none';script-src-attr 'none';style-src 'self' https: 'unsafe-inline';upgrade-insecure-requests[\r][\n]"
13:37:11.962 [main] DEBUG org.apache.http.wire -- http-outgoing-0 << "Content-Type: application/json; charset=utf-8[\r][\n]"
13:37:11.962 [main] DEBUG org.apache.http.wire -- http-outgoing-0 << "Cross-Origin-Opener-Policy: same-origin[\r][\n]"
13:37:11.962 [main] DEBUG org.apache.http.wire -- http-outgoing-0 << "Cross-Origin-Resource-Policy: same-origin[\r][\n]"
13:37:11.962 [main] DEBUG org.apache.http.wire -- http-outgoing-0 << "Date: Sat, 14 Jun 2025 08:07:11 GMT[\r][\n]"
13:37:11.962 [main] DEBUG org.apache.http.wire -- http-outgoing-0 << "Etag: W/"19f-NreT1ks4QoFtuh6CF9CmLFxRZvc"[\r][\n]"
13:37:11.964 [main] DEBUG org.apache.http.wire -- http-outgoing-0 << "Nel: {"report_to":"heroku-nel","response_headers":["Via"],"max_age":3600,"success_fraction":0.01,"failure_fraction":0.1}[\r][\n]"
13:37:11.964 [main] DEBUG org.apache.http.wire -- http-outgoing-0 << "Origin-Agent-Cluster: ?1[\r][\n]"
13:37:11.964 [main] DEBUG org.apache.http.wire -- http-outgoing-0 << "Referrer-Policy: no-referrer[\r][\n]"
13:37:11.964 [main] DEBUG org.apache.http.wire -- http-outgoing-0 << "Report-To: {"group":"heroku-nel","endpoints":[{"url":"https://nel.heroku.com/reports?s=FI9ZzpdgieO%2FWEK39IGRP%2BWCeydTK44osVuCdE8G6mc%3D\u0026sid=c46efe9b-d3d2-4a0c-8c76-bfafa16c5add\u0026ts=1749888431"}],"max_age":3600}[\r][\n]"
13:37:11.964 [main] DEBUG org.apache.http.wire -- http-outgoing-0 << "Reporting-Endpoints: heroku-nel="https://nel.heroku.com/reports?s=FI9ZzpdgieO%2FWEK39IGRP%2BWCeydTK44osVuCdE8G6mc%3D&sid=c46efe9b-d3d2-4a0c-8c76-bfafa16c5a"
13:37:11.968 [main] DEBUG org.apache.http.wire -- http-outgoing-0 << "dd&ts=1749888431"[\r][\n]"
13:37:11.968 [main] DEBUG org.apache.http.wire -- http-outgoing-0 << "Server: Heroku[\r][\n]"
13:37:11.968 [main] DEBUG org.apache.http.wire -- http-outgoing-0 << "Strict-Transport-Security: max-age=31536000; includeSubDomains[\r][\n]"
13:37:11.968 [main] DEBUG org.apache.http.wire -- http-outgoing-0 << "Via: 1.1 heroku-router[\r][\n]"
13:37:11.968 [main] DEBUG org.apache.http.wire -- http-outgoing-0 << "X-Content-Type-Options: nosniff[\r][\n]"
13:37:11.968 [main] DEBUG org.apache.http.wire -- http-outgoing-0 << "X-Dns-Prefetch-Control: off[\r][\n]"
13:37:11.968 [main] DEBUG org.apache.http.wire -- http-outgoing-0 << "X-Download-Options: noopen[\r][\n]"
13:37:11.968 [main] DEBUG org.apache.http.wire -- http-outgoing-0 << "X-Frame-Options: SAMEORIGIN[\r][\n]"
13:37:11.968 [main] DEBUG org.apache.http.wire -- http-outgoing-0 << "X-Permitted-Cross-Domain-Policies: none[\r][\n]"
13:37:11.968 [main] DEBUG org.apache.http.wire -- http-outgoing-0 << "X-Xss-Protection: 0[\r][\n]"
13:37:11.968 [main] DEBUG org.apache.http.wire -- http-outgoing-0 << "[\r][\n]"
13:37:11.968 [main] DEBUG org.apache.http.wire -- http-outgoing-0 << "{"id":137,"title":"Test 1","slug":"test-1","price":65,"description":"This is a test product created using Karate","category":{"id":1,"name":"Clothes","slug":"clothes","image":"https://i.imgur.com/QkIa5tT.jpeg","creationAt":"2025-06-14T03:03:40.000Z","updatedAt":"2025-06-14T03:03:40.000Z"},"images":["https://placeimg.com/640/480/any"],"creationAt":"2025-06-14T08:07:11.000Z","updatedAt":"2025-06-14T08:07:11.000Z"}"
13:37:11.970 [main] DEBUG org.apache.http.headers -- http-outgoing-0 << HTTP/1.1 201 Created
13:37:11.970 [main] DEBUG org.apache.http.headers -- http-outgoing-0 << Access-Control-Allow-Origin: *
13:37:11.970 [main] DEBUG org.apache.http.headers -- http-outgoing-0 << Content-Length: 415
13:37:11.970 [main] DEBUG org.apache.http.headers -- http-outgoing-0 << Content-Security-Policy: script-src 'self' 'unsafe-inline' https://cdn.jsdelivr.net;img-src 'self' data: https://cdn.jsdelivr.net;default-src 'self';base-uri 'self';font-src 'self' https: data:;form-action 'self';frame-ancestors 'self';object-src 'none';script-src-attr 'none';style-src 'self' https: 'unsafe-inline';upgrade-insecure-requests
13:37:11.970 [main] DEBUG org.apache.http.headers -- http-outgoing-0 << Content-Type: application/json; charset=utf-8
13:37:11.970 [main] DEBUG org.apache.http.headers -- http-outgoing-0 << Cross-Origin-Opener-Policy: same-origin
13:37:11.970 [main] DEBUG org.apache.http.headers -- http-outgoing-0 << Cross-Origin-Resource-Policy: same-origin
13:37:11.970 [main] DEBUG org.apache.http.headers -- http-outgoing-0 << Date: Sat, 14 Jun 2025 08:07:11 GMT
13:37:11.970 [main] DEBUG org.apache.http.headers -- http-outgoing-0 << Etag: W/"19f-NreT1ks4QoFtuh6CF9CmLFxRZvc"
13:37:11.970 [main] DEBUG org.apache.http.headers -- http-outgoing-0 << Nel: {"report_to":"heroku-nel","response_headers":["Via"],"max_age":3600,"success_fraction":0.01,"failure_fraction":0.1}
13:37:11.970 [main] DEBUG org.apache.http.headers -- http-outgoing-0 << Origin-Agent-Cluster: ?1
13:37:11.970 [main] DEBUG org.apache.http.headers -- http-outgoing-0 << Referrer-Policy: no-referrer
13:37:11.970 [main] DEBUG org.apache.http.headers -- http-outgoing-0 << Report-To: {"group":"heroku-nel","endpoints":[{"url":"https://nel.heroku.com/reports?s=FI9ZzpdgieO%2FWEK39IGRP%2BWCeydTK44osVuCdE8G6mc%3D\u0026sid=c46efe9b-d3d2-4a0c-8c76-bfafa16c5add\u0026ts=1749888431"}],"max_age":3600}
13:37:11.970 [main] DEBUG org.apache.http.headers -- http-outgoing-0 << Reporting-Endpoints: heroku-nel="https://nel.heroku.com/reports?s=FI9ZzpdgieO%2FWEK39IGRP%2BWCeydTK44osVuCdE8G6mc%3D&sid=c46efe9b-d3d2-4a0c-8c76-bfafa16c5add&ts=1749888431"
13:37:11.970 [main] DEBUG org.apache.http.headers -- http-outgoing-0 << Server: Heroku
13:37:11.970 [main] DEBUG org.apache.http.headers -- http-outgoing-0 << Strict-Transport-Security: max-age=31536000; includeSubDomains
13:37:11.970 [main] DEBUG org.apache.http.headers -- http-outgoing-0 << Via: 1.1 heroku-router
13:37:11.970 [main] DEBUG org.apache.http.headers -- http-outgoing-0 << X-Content-Type-Options: nosniff
13:37:11.970 [main] DEBUG org.apache.http.headers -- http-outgoing-0 << X-Dns-Prefetch-Control: off
13:37:11.970 [main] DEBUG org.apache.http.headers -- http-outgoing-0 << X-Download-Options: noopen
13:37:11.970 [main] DEBUG org.apache.http.headers -- http-outgoing-0 << X-Frame-Options: SAMEORIGIN
13:37:11.970 [main] DEBUG org.apache.http.headers -- http-outgoing-0 << X-Permitted-Cross-Domain-Policies: none
13:37:11.970 [main] DEBUG org.apache.http.headers -- http-outgoing-0 << X-Xss-Protection: 0
13:37:11.973 [main] DEBUG org.apache.http.impl.execchain.MainClientExec -- Connection can be kept alive indefinitely
13:37:11.977 [main] DEBUG org.apache.http.impl.conn.PoolingHttpClientConnectionManager -- Connection [id: 0][route: {s}->https://api.escuelajs.co:443] can be kept alive indefinitely
13:37:11.979 [main] DEBUG org.apache.http.impl.conn.DefaultManagedHttpClientConnection -- http-outgoing-0: set socket timeout to 0
13:37:11.979 [main] DEBUG org.apache.http.impl.conn.PoolingHttpClientConnectionManager -- Connection released: [id: 0][route: {s}->https://api.escuelajs.co:443][total available: 1; route allocated: 1 of 5; total allocated: 1 of 10]
13:37:11.979 [main] DEBUG org.apache.http.impl.conn.PoolingHttpClientConnectionManager -- Connection manager is shutting down
13:37:11.979 [main] DEBUG org.apache.http.impl.conn.DefaultManagedHttpClientConnection -- http-outgoing-0: Close connection
13:37:11.981 [main] DEBUG org.apache.http.impl.conn.PoolingHttpClientConnectionManager -- Connection manager shut down
13:37:11.986 [main] DEBUG com.intuit.karate -- response time in milliseconds: 1989
1 < 201
1 < Access-Control-Allow-Origin: *
1 < Content-Length: 415
1 < Content-Security-Policy: script-src 'self' 'unsafe-inline' https://cdn.jsdelivr.net;img-src 'self' data: https://cdn.jsdelivr.net;default-src 'self';base-uri 'self';font-src 'self' https: data:;form-action 'self';frame-ancestors 'self';object-src 'none';script-src-attr 'none';style-src 'self' https: 'unsafe-inline';upgrade-insecure-requests
1 < Content-Type: application/json; charset=utf-8
1 < Cross-Origin-Opener-Policy: same-origin
1 < Cross-Origin-Resource-Policy: same-origin
1 < Date: Sat, 14 Jun 2025 08:07:11 GMT
1 < Etag: W/"19f-NreT1ks4QoFtuh6CF9CmLFxRZvc"
1 < Nel: {"report_to":"heroku-nel","response_headers":["Via"],"max_age":3600,"success_fraction":0.01,"failure_fraction":0.1}
1 < Origin-Agent-Cluster: ?1
1 < Referrer-Policy: no-referrer
1 < Report-To: {"group":"heroku-nel","endpoints":[{"url":"https://nel.heroku.com/reports?s=FI9ZzpdgieO%2FWEK39IGRP%2BWCeydTK44osVuCdE8G6mc%3D\u0026sid=c46efe9b-d3d2-4a0c-8c76-bfafa16c5add\u0026ts=1749888431"}],"max_age":3600}
1 < Reporting-Endpoints: heroku-nel="https://nel.heroku.com/reports?s=FI9ZzpdgieO%2FWEK39IGRP%2BWCeydTK44osVuCdE8G6mc%3D&sid=c46efe9b-d3d2-4a0c-8c76-bfafa16c5add&ts=1749888431"
1 < Server: Heroku
1 < Strict-Transport-Security: max-age=31536000; includeSubDomains
1 < Via: 1.1 heroku-router
1 < X-Content-Type-Options: nosniff
1 < X-Dns-Prefetch-Control: off
1 < X-Download-Options: noopen
1 < X-Frame-Options: SAMEORIGIN
1 < X-Permitted-Cross-Domain-Policies: none
1 < X-Xss-Protection: 0
{"id":137,"title":"Test 1","slug":"test-1","price":65,"description":"This is a test product created using Karate","category":{"id":1,"name":"Clothes","slug":"clothes","image":"https://i.imgur.com/QkIa5tT.jpeg","creationAt":"2025-06-14T03:03:40.000Z","updatedAt":"2025-06-14T03:03:40.000Z"},"images":["https://placeimg.com/640/480/any"],"creationAt":"2025-06-14T08:07:11.000Z","updatedAt":"2025-06-14T08:07:11.000Z"}

13:37:12.085 [main] INFO com.intuit.karate -- [print] {
  "id": 137,
  "title": "Test 1",
  "slug": "test-1",
  "price": 65,
  "description": "This is a test product created using Karate",
  "category": {
    "id": 1,
    "name": "Clothes",
    "slug": "clothes",
    "image": "https://i.imgur.com/QkIa5tT.jpeg",
    "creationAt": "2025-06-14T03:03:40.000Z",
    "updatedAt": "2025-06-14T03:03:40.000Z"
  },
  "images": [
    "https://placeimg.com/640/480/any"
  ],
  "creationAt": "2025-06-14T08:07:11.000Z",
  "updatedAt": "2025-06-14T08:07:11.000Z"
}
 
13:37:12.089 [main] INFO com.intuit.karate -- [print] 201 
13:37:12.101 [main] DEBUG com.jayway.jsonpath.internal.path.CompiledPath -- Evaluating path: $['title']
]]></system-out>
  </testcase>
  <testcase name="[2:25] Get the created product (GET)" classname="features/product-crud" time="1.155">
    <failure message="status code was: 400, expected: 200, response time in milliseconds: 1110, url: https://api.escuelajs.co/api/v1/products/133, response: &#10;{&quot;path&quot;:&quot;/api/v1/products/133&quot;,&quot;timestamp&quot;:&quot;2025-06-14T08:07:12.862Z&quot;,&quot;name&quot;:&quot;EntityNotFoundError&quot;,&quot;message&quot;:&quot;Could not find any entity of type \&quot;Product\&quot; matching: {\n    \&quot;relations\&quot;: [\n        \&quot;category\&quot;\n    ],\n    \&quot;where\&quot;: {\n        \&quot;id\&quot;: 133\n    }\n}&quot;}&#10;classpath:features/product-crud.feature:30" type="org.opentest4j.AssertionFailedError"><![CDATA[org.opentest4j.AssertionFailedError: 
status code was: 400, expected: 200, response time in milliseconds: 1110, url: https://api.escuelajs.co/api/v1/products/133, response: 
{"path":"/api/v1/products/133","timestamp":"2025-06-14T08:07:12.862Z","name":"EntityNotFoundError","message":"Could not find any entity of type \"Product\" matching: {\n    \"relations\": [\n        \"category\"\n    ],\n    \"where\": {\n        \"id\": 133\n    }\n}"}
classpath:features/product-crud.feature:30
	at org.junit.jupiter.api.AssertionUtils.fail(AssertionUtils.java:38)
	at org.junit.jupiter.api.Assertions.fail(Assertions.java:135)
	at com.intuit.karate.junit5.FeatureNode.lambda$next$1(FeatureNode.java:86)
	at org.junit.jupiter.engine.descriptor.DynamicTestTestDescriptor.lambda$execute$0(DynamicTestTestDescriptor.java:53)
	at org.junit.jupiter.engine.execution.InvocationInterceptorChain$ValidatingInvocation.proceed(InvocationInterceptorChain.java:131)
	at org.junit.jupiter.api.extension.InvocationInterceptor.interceptDynamicTest(InvocationInterceptor.java:167)
	at org.junit.jupiter.api.extension.InvocationInterceptor.interceptDynamicTest(InvocationInterceptor.java:184)
	at org.junit.jupiter.engine.descriptor.DynamicTestTestDescriptor.lambda$execute$1(DynamicTestTestDescriptor.java:61)
	at org.junit.jupiter.engine.execution.InvocationInterceptorChain$InterceptorCall.lambda$ofVoid$0(InvocationInterceptorChain.java:78)
	at org.junit.jupiter.engine.execution.InvocationInterceptorChain$InterceptedInvocation.proceed(InvocationInterceptorChain.java:106)
	at org.junit.jupiter.engine.execution.InvocationInterceptorChain.proceed(InvocationInterceptorChain.java:64)
	at org.junit.jupiter.engine.execution.InvocationInterceptorChain.chainAndInvoke(InvocationInterceptorChain.java:45)
	at org.junit.jupiter.engine.execution.InvocationInterceptorChain.invoke(InvocationInterceptorChain.java:37)
	at org.junit.jupiter.engine.descriptor.DynamicTestTestDescriptor.execute(DynamicTestTestDescriptor.java:60)
	at org.junit.jupiter.engine.descriptor.DynamicTestTestDescriptor.execute(DynamicTestTestDescriptor.java:32)
	at org.junit.platform.engine.support.hierarchical.NodeTestTask.lambda$executeRecursively$6(NodeTestTask.java:151)
	at org.junit.platform.engine.support.hierarchical.ThrowableCollector.execute(ThrowableCollector.java:73)
	at org.junit.platform.engine.support.hierarchical.NodeTestTask.lambda$executeRecursively$8(NodeTestTask.java:141)
	at org.junit.platform.engine.support.hierarchical.Node.around(Node.java:137)
	at org.junit.platform.engine.support.hierarchical.NodeTestTask.lambda$executeRecursively$9(NodeTestTask.java:139)
	at org.junit.platform.engine.support.hierarchical.ThrowableCollector.execute(ThrowableCollector.java:73)
	at org.junit.platform.engine.support.hierarchical.NodeTestTask.executeRecursively(NodeTestTask.java:138)
	at org.junit.platform.engine.support.hierarchical.NodeTestTask.execute(NodeTestTask.java:95)
	at org.junit.platform.engine.support.hierarchical.SameThreadHierarchicalTestExecutorService.submit(SameThreadHierarchicalTestExecutorService.java:35)
	at org.junit.platform.engine.support.hierarchical.NodeTestTask$DefaultDynamicTestExecutor.execute(NodeTestTask.java:226)
	at org.junit.platform.engine.support.hierarchical.NodeTestTask$DefaultDynamicTestExecutor.execute(NodeTestTask.java:204)
	at java.base/java.util.stream.ForEachOps$ForEachOp$OfRef.accept(ForEachOps.java:184)
	at java.base/java.util.stream.ReferencePipeline$3$1.accept(ReferencePipeline.java:197)
	at java.base/java.util.stream.ReferencePipeline$2$1.accept(ReferencePipeline.java:179)
	at java.base/java.util.stream.ReferencePipeline$3$1.accept(ReferencePipeline.java:197)
	at java.base/java.util.Iterator.forEachRemaining(Iterator.java:133)
	at java.base/java.util.Spliterators$IteratorSpliterator.forEachRemaining(Spliterators.java:1939)
	at java.base/java.util.stream.AbstractPipeline.copyInto(AbstractPipeline.java:509)
	at java.base/java.util.stream.AbstractPipeline.wrapAndCopyInto(AbstractPipeline.java:499)
	at java.base/java.util.stream.ForEachOps$ForEachOp.evaluateSequential(ForEachOps.java:151)
	at java.base/java.util.stream.ForEachOps$ForEachOp$OfRef.evaluateSequential(ForEachOps.java:174)
	at java.base/java.util.stream.AbstractPipeline.evaluate(AbstractPipeline.java:234)
	at java.base/java.util.stream.ReferencePipeline.forEachOrdered(ReferencePipeline.java:601)
	at org.junit.jupiter.engine.descriptor.DynamicContainerTestDescriptor.execute(DynamicContainerTestDescriptor.java:67)
	at org.junit.jupiter.engine.descriptor.DynamicContainerTestDescriptor.execute(DynamicContainerTestDescriptor.java:33)
	at org.junit.platform.engine.support.hierarchical.NodeTestTask.lambda$executeRecursively$6(NodeTestTask.java:151)
	at org.junit.platform.engine.support.hierarchical.ThrowableCollector.execute(ThrowableCollector.java:73)
	at org.junit.platform.engine.support.hierarchical.NodeTestTask.lambda$executeRecursively$8(NodeTestTask.java:141)
	at org.junit.platform.engine.support.hierarchical.Node.around(Node.java:137)
	at org.junit.platform.engine.support.hierarchical.NodeTestTask.lambda$executeRecursively$9(NodeTestTask.java:139)
	at org.junit.platform.engine.support.hierarchical.ThrowableCollector.execute(ThrowableCollector.java:73)
	at org.junit.platform.engine.support.hierarchical.NodeTestTask.executeRecursively(NodeTestTask.java:138)
	at org.junit.platform.engine.support.hierarchical.NodeTestTask.execute(NodeTestTask.java:95)
	at org.junit.platform.engine.support.hierarchical.SameThreadHierarchicalTestExecutorService.submit(SameThreadHierarchicalTestExecutorService.java:35)
	at org.junit.platform.engine.support.hierarchical.NodeTestTask$DefaultDynamicTestExecutor.execute(NodeTestTask.java:226)
	at org.junit.platform.engine.support.hierarchical.NodeTestTask$DefaultDynamicTestExecutor.execute(NodeTestTask.java:204)
	at java.base/java.util.Optional.ifPresent(Optional.java:178)
	at org.junit.jupiter.engine.descriptor.TestFactoryTestDescriptor.lambda$invokeTestMethod$1(TestFactoryTestDescriptor.java:108)
	at org.junit.platform.engine.support.hierarchical.ThrowableCollector.execute(ThrowableCollector.java:73)
	at org.junit.jupiter.engine.descriptor.TestFactoryTestDescriptor.invokeTestMethod(TestFactoryTestDescriptor.java:95)
	at org.junit.jupiter.engine.descriptor.TestMethodTestDescriptor.execute(TestMethodTestDescriptor.java:138)
	at org.junit.jupiter.engine.descriptor.TestMethodTestDescriptor.execute(TestMethodTestDescriptor.java:68)
	at org.junit.platform.engine.support.hierarchical.NodeTestTask.lambda$executeRecursively$6(NodeTestTask.java:151)
	at org.junit.platform.engine.support.hierarchical.ThrowableCollector.execute(ThrowableCollector.java:73)
	at org.junit.platform.engine.support.hierarchical.NodeTestTask.lambda$executeRecursively$8(NodeTestTask.java:141)
	at org.junit.platform.engine.support.hierarchical.Node.around(Node.java:137)
	at org.junit.platform.engine.support.hierarchical.NodeTestTask.lambda$executeRecursively$9(NodeTestTask.java:139)
	at org.junit.platform.engine.support.hierarchical.ThrowableCollector.execute(ThrowableCollector.java:73)
	at org.junit.platform.engine.support.hierarchical.NodeTestTask.executeRecursively(NodeTestTask.java:138)
	at org.junit.platform.engine.support.hierarchical.NodeTestTask.execute(NodeTestTask.java:95)
	at java.base/java.util.ArrayList.forEach(ArrayList.java:1596)
	at org.junit.platform.engine.support.hierarchical.SameThreadHierarchicalTestExecutorService.invokeAll(SameThreadHierarchicalTestExecutorService.java:41)
	at org.junit.platform.engine.support.hierarchical.NodeTestTask.lambda$executeRecursively$6(NodeTestTask.java:155)
	at org.junit.platform.engine.support.hierarchical.ThrowableCollector.execute(ThrowableCollector.java:73)
	at org.junit.platform.engine.support.hierarchical.NodeTestTask.lambda$executeRecursively$8(NodeTestTask.java:141)
	at org.junit.platform.engine.support.hierarchical.Node.around(Node.java:137)
	at org.junit.platform.engine.support.hierarchical.NodeTestTask.lambda$executeRecursively$9(NodeTestTask.java:139)
	at org.junit.platform.engine.support.hierarchical.ThrowableCollector.execute(ThrowableCollector.java:73)
	at org.junit.platform.engine.support.hierarchical.NodeTestTask.executeRecursively(NodeTestTask.java:138)
	at org.junit.platform.engine.support.hierarchical.NodeTestTask.execute(NodeTestTask.java:95)
	at java.base/java.util.ArrayList.forEach(ArrayList.java:1596)
	at org.junit.platform.engine.support.hierarchical.SameThreadHierarchicalTestExecutorService.invokeAll(SameThreadHierarchicalTestExecutorService.java:41)
	at org.junit.platform.engine.support.hierarchical.NodeTestTask.lambda$executeRecursively$6(NodeTestTask.java:155)
	at org.junit.platform.engine.support.hierarchical.ThrowableCollector.execute(ThrowableCollector.java:73)
	at org.junit.platform.engine.support.hierarchical.NodeTestTask.lambda$executeRecursively$8(NodeTestTask.java:141)
	at org.junit.platform.engine.support.hierarchical.Node.around(Node.java:137)
	at org.junit.platform.engine.support.hierarchical.NodeTestTask.lambda$executeRecursively$9(NodeTestTask.java:139)
	at org.junit.platform.engine.support.hierarchical.ThrowableCollector.execute(ThrowableCollector.java:73)
	at org.junit.platform.engine.support.hierarchical.NodeTestTask.executeRecursively(NodeTestTask.java:138)
	at org.junit.platform.engine.support.hierarchical.NodeTestTask.execute(NodeTestTask.java:95)
	at org.junit.platform.engine.support.hierarchical.SameThreadHierarchicalTestExecutorService.submit(SameThreadHierarchicalTestExecutorService.java:35)
	at org.junit.platform.engine.support.hierarchical.HierarchicalTestExecutor.execute(HierarchicalTestExecutor.java:57)
	at org.junit.platform.engine.support.hierarchical.HierarchicalTestEngine.execute(HierarchicalTestEngine.java:54)
	at org.junit.platform.launcher.core.EngineExecutionOrchestrator.execute(EngineExecutionOrchestrator.java:147)
	at org.junit.platform.launcher.core.EngineExecutionOrchestrator.execute(EngineExecutionOrchestrator.java:127)
	at org.junit.platform.launcher.core.EngineExecutionOrchestrator.execute(EngineExecutionOrchestrator.java:90)
	at org.junit.platform.launcher.core.EngineExecutionOrchestrator.lambda$execute$0(EngineExecutionOrchestrator.java:55)
	at org.junit.platform.launcher.core.EngineExecutionOrchestrator.withInterceptedStreams(EngineExecutionOrchestrator.java:102)
	at org.junit.platform.launcher.core.EngineExecutionOrchestrator.execute(EngineExecutionOrchestrator.java:54)
	at org.junit.platform.launcher.core.DefaultLauncher.execute(DefaultLauncher.java:114)
	at org.junit.platform.launcher.core.DefaultLauncher.execute(DefaultLauncher.java:86)
	at org.junit.platform.launcher.core.DefaultLauncherSession$DelegatingLauncher.execute(DefaultLauncherSession.java:86)
	at org.apache.maven.surefire.junitplatform.LazyLauncher.execute(LazyLauncher.java:55)
	at org.apache.maven.surefire.junitplatform.JUnitPlatformProvider.execute(JUnitPlatformProvider.java:223)
	at org.apache.maven.surefire.junitplatform.JUnitPlatformProvider.invokeAllTests(JUnitPlatformProvider.java:175)
	at org.apache.maven.surefire.junitplatform.JUnitPlatformProvider.invoke(JUnitPlatformProvider.java:139)
	at org.apache.maven.surefire.booter.ForkedBooter.runSuitesInProcess(ForkedBooter.java:456)
	at org.apache.maven.surefire.booter.ForkedBooter.execute(ForkedBooter.java:169)
	at org.apache.maven.surefire.booter.ForkedBooter.run(ForkedBooter.java:595)
	at org.apache.maven.surefire.booter.ForkedBooter.main(ForkedBooter.java:581)
]]></failure>
    <system-out><![CDATA[13:37:12.137 [main] DEBUG com.jayway.jsonpath.internal.path.CompiledPath -- Evaluating path: $
13:37:12.140 [main] DEBUG org.apache.http.client.protocol.RequestAddCookies -- CookieSpec selected: karate
13:37:12.140 [main] DEBUG org.apache.http.client.protocol.RequestAuthCache -- Auth cache not set in the context
13:37:12.140 [main] DEBUG com.intuit.karate -- request:
1 > GET https://api.escuelajs.co/api/v1/products/133
1 > Host: api.escuelajs.co
1 > Connection: Keep-Alive
1 > User-Agent: Apache-HttpClient/4.5.14 (Java/21.0.7)
1 > Accept-Encoding: gzip,deflate


13:37:12.140 [main] DEBUG org.apache.http.impl.conn.PoolingHttpClientConnectionManager -- Connection request: [route: {s}->https://api.escuelajs.co:443][total available: 0; route allocated: 0 of 5; total allocated: 0 of 10]
13:37:12.140 [main] DEBUG org.apache.http.impl.conn.PoolingHttpClientConnectionManager -- Connection leased: [id: 1][route: {s}->https://api.escuelajs.co:443][total available: 0; route allocated: 1 of 5; total allocated: 1 of 10]
13:37:12.140 [main] DEBUG org.apache.http.impl.execchain.MainClientExec -- Opening connection {s}->https://api.escuelajs.co:443
13:37:12.141 [main] DEBUG org.apache.http.impl.conn.DefaultHttpClientConnectionOperator -- Connecting to api.escuelajs.co/35.71.145.101:443
13:37:12.142 [main] DEBUG org.apache.http.conn.ssl.SSLConnectionSocketFactory -- Connecting socket to api.escuelajs.co/35.71.145.101:443 with timeout 30000
13:37:12.413 [main] DEBUG org.apache.http.conn.ssl.SSLConnectionSocketFactory -- Enabled protocols: [TLSv1.3, TLSv1.2]
13:37:12.413 [main] DEBUG org.apache.http.conn.ssl.SSLConnectionSocketFactory -- Enabled cipher suites:[TLS_AES_256_GCM_SHA384, TLS_AES_128_GCM_SHA256, TLS_CHACHA20_POLY1305_SHA256, TLS_ECDHE_ECDSA_WITH_AES_256_GCM_SHA384, TLS_ECDHE_ECDSA_WITH_AES_128_GCM_SHA256, TLS_ECDHE_ECDSA_WITH_CHACHA20_POLY1305_SHA256, TLS_ECDHE_RSA_WITH_AES_256_GCM_SHA384, TLS_ECDHE_RSA_WITH_CHACHA20_POLY1305_SHA256, TLS_ECDHE_RSA_WITH_AES_128_GCM_SHA256, TLS_DHE_RSA_WITH_AES_256_GCM_SHA384, TLS_DHE_RSA_WITH_CHACHA20_POLY1305_SHA256, TLS_DHE_DSS_WITH_AES_256_GCM_SHA384, TLS_DHE_RSA_WITH_AES_128_GCM_SHA256, TLS_DHE_DSS_WITH_AES_128_GCM_SHA256, TLS_ECDHE_ECDSA_WITH_AES_256_CBC_SHA384, TLS_ECDHE_RSA_WITH_AES_256_CBC_SHA384, TLS_ECDHE_ECDSA_WITH_AES_128_CBC_SHA256, TLS_ECDHE_RSA_WITH_AES_128_CBC_SHA256, TLS_DHE_RSA_WITH_AES_256_CBC_SHA256, TLS_DHE_DSS_WITH_AES_256_CBC_SHA256, TLS_DHE_RSA_WITH_AES_128_CBC_SHA256, TLS_DHE_DSS_WITH_AES_128_CBC_SHA256, TLS_ECDHE_ECDSA_WITH_AES_256_CBC_SHA, TLS_ECDHE_RSA_WITH_AES_256_CBC_SHA, TLS_ECDHE_ECDSA_WITH_AES_128_CBC_SHA, TLS_ECDHE_RSA_WITH_AES_128_CBC_SHA, TLS_DHE_RSA_WITH_AES_256_CBC_SHA, TLS_DHE_DSS_WITH_AES_256_CBC_SHA, TLS_DHE_RSA_WITH_AES_128_CBC_SHA, TLS_DHE_DSS_WITH_AES_128_CBC_SHA, TLS_RSA_WITH_AES_256_GCM_SHA384, TLS_RSA_WITH_AES_128_GCM_SHA256, TLS_RSA_WITH_AES_256_CBC_SHA256, TLS_RSA_WITH_AES_128_CBC_SHA256, TLS_RSA_WITH_AES_256_CBC_SHA, TLS_RSA_WITH_AES_128_CBC_SHA, TLS_EMPTY_RENEGOTIATION_INFO_SCSV]
13:37:12.413 [main] DEBUG org.apache.http.conn.ssl.SSLConnectionSocketFactory -- Starting handshake
13:37:12.761 [main] DEBUG org.apache.http.conn.ssl.SSLConnectionSocketFactory -- Secure session established
13:37:12.763 [main] DEBUG org.apache.http.conn.ssl.SSLConnectionSocketFactory --  negotiated protocol: TLSv1.3
13:37:12.763 [main] DEBUG org.apache.http.conn.ssl.SSLConnectionSocketFactory --  negotiated cipher suite: TLS_AES_128_GCM_SHA256
13:37:12.763 [main] DEBUG org.apache.http.conn.ssl.SSLConnectionSocketFactory --  peer principal: CN=api.escuelajs.co
13:37:12.763 [main] DEBUG org.apache.http.conn.ssl.SSLConnectionSocketFactory --  peer alternative names: [api.escuelajs.co]
13:37:12.763 [main] DEBUG org.apache.http.conn.ssl.SSLConnectionSocketFactory --  issuer principal: CN=R11, O=Let's Encrypt, C=US
13:37:12.763 [main] DEBUG org.apache.http.impl.conn.DefaultHttpClientConnectionOperator -- Connection established 192.168.1.3:51486<->35.71.145.101:443
13:37:12.763 [main] DEBUG org.apache.http.impl.conn.DefaultManagedHttpClientConnection -- http-outgoing-1: set socket timeout to 30000
13:37:12.763 [main] DEBUG org.apache.http.impl.execchain.MainClientExec -- Executing request GET /api/v1/products/133 HTTP/1.1
13:37:12.763 [main] DEBUG org.apache.http.impl.execchain.MainClientExec -- Target auth state: UNCHALLENGED
13:37:12.763 [main] DEBUG org.apache.http.impl.execchain.MainClientExec -- Proxy auth state: UNCHALLENGED
13:37:12.763 [main] DEBUG org.apache.http.headers -- http-outgoing-1 >> GET /api/v1/products/133 HTTP/1.1
13:37:12.763 [main] DEBUG org.apache.http.headers -- http-outgoing-1 >> Host: api.escuelajs.co
13:37:12.763 [main] DEBUG org.apache.http.headers -- http-outgoing-1 >> Connection: Keep-Alive
13:37:12.763 [main] DEBUG org.apache.http.headers -- http-outgoing-1 >> User-Agent: Apache-HttpClient/4.5.14 (Java/21.0.7)
13:37:12.763 [main] DEBUG org.apache.http.headers -- http-outgoing-1 >> Accept-Encoding: gzip,deflate
13:37:12.763 [main] DEBUG org.apache.http.wire -- http-outgoing-1 >> "GET /api/v1/products/133 HTTP/1.1[\r][\n]"
13:37:12.763 [main] DEBUG org.apache.http.wire -- http-outgoing-1 >> "Host: api.escuelajs.co[\r][\n]"
13:37:12.763 [main] DEBUG org.apache.http.wire -- http-outgoing-1 >> "Connection: Keep-Alive[\r][\n]"
13:37:12.763 [main] DEBUG org.apache.http.wire -- http-outgoing-1 >> "User-Agent: Apache-HttpClient/4.5.14 (Java/21.0.7)[\r][\n]"
13:37:12.763 [main] DEBUG org.apache.http.wire -- http-outgoing-1 >> "Accept-Encoding: gzip,deflate[\r][\n]"
13:37:12.765 [main] DEBUG org.apache.http.wire -- http-outgoing-1 >> "[\r][\n]"
13:37:13.235 [main] DEBUG org.apache.http.wire -- http-outgoing-1 << "HTTP/1.1 400 Bad Request[\r][\n]"
13:37:13.235 [main] DEBUG org.apache.http.wire -- http-outgoing-1 << "Access-Control-Allow-Origin: *[\r][\n]"
13:37:13.235 [main] DEBUG org.apache.http.wire -- http-outgoing-1 << "Content-Length: 270[\r][\n]"
13:37:13.235 [main] DEBUG org.apache.http.wire -- http-outgoing-1 << "Content-Security-Policy: script-src 'self' 'unsafe-inline' https://cdn.jsdelivr.net;img-src 'self' data: https://cdn.jsdelivr.net;default-src 'self';base-uri 'self';font-src 'self' https: data:;form-action 'self';frame-ancestors 'self';object-src 'none';script-src-attr 'none';style-src 'self' https: 'unsafe-inline';upgrade-insecure-requests[\r][\n]"
13:37:13.235 [main] DEBUG org.apache.http.wire -- http-outgoing-1 << "Content-Type: application/json; charset=utf-8[\r][\n]"
13:37:13.235 [main] DEBUG org.apache.http.wire -- http-outgoing-1 << "Cross-Origin-Opener-Policy: same-origin[\r][\n]"
13:37:13.235 [main] DEBUG org.apache.http.wire -- http-outgoing-1 << "Cross-Origin-Resource-Policy: same-origin[\r][\n]"
13:37:13.235 [main] DEBUG org.apache.http.wire -- http-outgoing-1 << "Date: Sat, 14 Jun 2025 08:07:12 GMT[\r][\n]"
13:37:13.235 [main] DEBUG org.apache.http.wire -- http-outgoing-1 << "Etag: W/"10e-s8dx0K2N/unvpYlr09wvBkbhY8c"[\r][\n]"
13:37:13.235 [main] DEBUG org.apache.http.wire -- http-outgoing-1 << "Nel: {"report_to":"heroku-nel","response_headers":["Via"],"max_age":3600,"success_fraction":0.01,"failure_fraction":0.1}[\r][\n]"
13:37:13.235 [main] DEBUG org.apache.http.wire -- http-outgoing-1 << "Origin-Agent-Cluster: ?1[\r][\n]"
13:37:13.235 [main] DEBUG org.apache.http.wire -- http-outgoing-1 << "Referrer-Policy: no-referrer[\r][\n]"
13:37:13.235 [main] DEBUG org.apache.http.wire -- http-outgoing-1 << "Report-To: {"group":"heroku-nel","endpoints":[{"url":"https://nel.heroku.com/reports?s=yX%2FuEdk7AQeR2Srn%2Bvts%2BsTUr%2FD1g9BALjWsnTVU05Y%3D\u0026sid=c46efe9b-d3d2-4a0c-8c76-bfafa16c5add\u0026ts=1749888432"}],"max_age":3600}[\r][\n]"
13:37:13.235 [main] DEBUG org.apache.http.wire -- http-outgoing-1 << "Reporting-Endpoints: heroku-nel="https://nel.heroku.com/reports?s=yX%2FuEdk7AQeR2Srn%2Bvts%2BsTUr%2FD1g9BALjWsnTVU05Y%3D&sid=c46efe9b-d3d2-4a0c-8c7"
13:37:13.235 [main] DEBUG org.apache.http.wire -- http-outgoing-1 << "6-bfafa16c5add&ts=1749888432"[\r][\n]"
13:37:13.235 [main] DEBUG org.apache.http.wire -- http-outgoing-1 << "Server: Heroku[\r][\n]"
13:37:13.235 [main] DEBUG org.apache.http.wire -- http-outgoing-1 << "Strict-Transport-Security: max-age=31536000; includeSubDomains[\r][\n]"
13:37:13.235 [main] DEBUG org.apache.http.wire -- http-outgoing-1 << "Via: 1.1 heroku-router[\r][\n]"
13:37:13.235 [main] DEBUG org.apache.http.wire -- http-outgoing-1 << "X-Content-Type-Options: nosniff[\r][\n]"
13:37:13.235 [main] DEBUG org.apache.http.wire -- http-outgoing-1 << "X-Dns-Prefetch-Control: off[\r][\n]"
13:37:13.235 [main] DEBUG org.apache.http.wire -- http-outgoing-1 << "X-Download-Options: noopen[\r][\n]"
13:37:13.235 [main] DEBUG org.apache.http.wire -- http-outgoing-1 << "X-Frame-Options: SAMEORIGIN[\r][\n]"
13:37:13.235 [main] DEBUG org.apache.http.wire -- http-outgoing-1 << "X-Permitted-Cross-Domain-Policies: none[\r][\n]"
13:37:13.235 [main] DEBUG org.apache.http.wire -- http-outgoing-1 << "X-Xss-Protection: 0[\r][\n]"
13:37:13.235 [main] DEBUG org.apache.http.wire -- http-outgoing-1 << "[\r][\n]"
13:37:13.235 [main] DEBUG org.apache.http.wire -- http-outgoing-1 << "{"path":"/api/v1/products/133","timestamp":"2025-06-14T08:07:12.862Z","name":"EntityNotFoundError","message":"Could not find any entity of type \"Product\" matching: {\n    \"relations\": [\n        \"category\"\n    ],\n    \"where\": {\n        \"id\": 133\n    }\n}"}"
13:37:13.235 [main] DEBUG org.apache.http.headers -- http-outgoing-1 << HTTP/1.1 400 Bad Request
13:37:13.235 [main] DEBUG org.apache.http.headers -- http-outgoing-1 << Access-Control-Allow-Origin: *
13:37:13.235 [main] DEBUG org.apache.http.headers -- http-outgoing-1 << Content-Length: 270
13:37:13.235 [main] DEBUG org.apache.http.headers -- http-outgoing-1 << Content-Security-Policy: script-src 'self' 'unsafe-inline' https://cdn.jsdelivr.net;img-src 'self' data: https://cdn.jsdelivr.net;default-src 'self';base-uri 'self';font-src 'self' https: data:;form-action 'self';frame-ancestors 'self';object-src 'none';script-src-attr 'none';style-src 'self' https: 'unsafe-inline';upgrade-insecure-requests
13:37:13.235 [main] DEBUG org.apache.http.headers -- http-outgoing-1 << Content-Type: application/json; charset=utf-8
13:37:13.235 [main] DEBUG org.apache.http.headers -- http-outgoing-1 << Cross-Origin-Opener-Policy: same-origin
13:37:13.247 [main] DEBUG org.apache.http.headers -- http-outgoing-1 << Cross-Origin-Resource-Policy: same-origin
13:37:13.247 [main] DEBUG org.apache.http.headers -- http-outgoing-1 << Date: Sat, 14 Jun 2025 08:07:12 GMT
13:37:13.247 [main] DEBUG org.apache.http.headers -- http-outgoing-1 << Etag: W/"10e-s8dx0K2N/unvpYlr09wvBkbhY8c"
13:37:13.247 [main] DEBUG org.apache.http.headers -- http-outgoing-1 << Nel: {"report_to":"heroku-nel","response_headers":["Via"],"max_age":3600,"success_fraction":0.01,"failure_fraction":0.1}
13:37:13.247 [main] DEBUG org.apache.http.headers -- http-outgoing-1 << Origin-Agent-Cluster: ?1
13:37:13.247 [main] DEBUG org.apache.http.headers -- http-outgoing-1 << Referrer-Policy: no-referrer
13:37:13.247 [main] DEBUG org.apache.http.headers -- http-outgoing-1 << Report-To: {"group":"heroku-nel","endpoints":[{"url":"https://nel.heroku.com/reports?s=yX%2FuEdk7AQeR2Srn%2Bvts%2BsTUr%2FD1g9BALjWsnTVU05Y%3D\u0026sid=c46efe9b-d3d2-4a0c-8c76-bfafa16c5add\u0026ts=1749888432"}],"max_age":3600}
13:37:13.247 [main] DEBUG org.apache.http.headers -- http-outgoing-1 << Reporting-Endpoints: heroku-nel="https://nel.heroku.com/reports?s=yX%2FuEdk7AQeR2Srn%2Bvts%2BsTUr%2FD1g9BALjWsnTVU05Y%3D&sid=c46efe9b-d3d2-4a0c-8c76-bfafa16c5add&ts=1749888432"
13:37:13.247 [main] DEBUG org.apache.http.headers -- http-outgoing-1 << Server: Heroku
13:37:13.247 [main] DEBUG org.apache.http.headers -- http-outgoing-1 << Strict-Transport-Security: max-age=31536000; includeSubDomains
13:37:13.247 [main] DEBUG org.apache.http.headers -- http-outgoing-1 << Via: 1.1 heroku-router
13:37:13.247 [main] DEBUG org.apache.http.headers -- http-outgoing-1 << X-Content-Type-Options: nosniff
13:37:13.247 [main] DEBUG org.apache.http.headers -- http-outgoing-1 << X-Dns-Prefetch-Control: off
13:37:13.247 [main] DEBUG org.apache.http.headers -- http-outgoing-1 << X-Download-Options: noopen
13:37:13.247 [main] DEBUG org.apache.http.headers -- http-outgoing-1 << X-Frame-Options: SAMEORIGIN
13:37:13.247 [main] DEBUG org.apache.http.headers -- http-outgoing-1 << X-Permitted-Cross-Domain-Policies: none
13:37:13.247 [main] DEBUG org.apache.http.headers -- http-outgoing-1 << X-Xss-Protection: 0
13:37:13.247 [main] DEBUG org.apache.http.impl.execchain.MainClientExec -- Connection can be kept alive indefinitely
13:37:13.247 [main] DEBUG org.apache.http.impl.conn.PoolingHttpClientConnectionManager -- Connection [id: 1][route: {s}->https://api.escuelajs.co:443] can be kept alive indefinitely
13:37:13.247 [main] DEBUG org.apache.http.impl.conn.DefaultManagedHttpClientConnection -- http-outgoing-1: set socket timeout to 0
13:37:13.250 [main] DEBUG org.apache.http.impl.conn.PoolingHttpClientConnectionManager -- Connection released: [id: 1][route: {s}->https://api.escuelajs.co:443][total available: 1; route allocated: 1 of 5; total allocated: 1 of 10]
13:37:13.250 [main] DEBUG org.apache.http.impl.conn.PoolingHttpClientConnectionManager -- Connection manager is shutting down
13:37:13.250 [main] DEBUG org.apache.http.impl.conn.DefaultManagedHttpClientConnection -- http-outgoing-1: Close connection
13:37:13.252 [main] DEBUG org.apache.http.impl.conn.PoolingHttpClientConnectionManager -- Connection manager shut down
13:37:13.254 [main] DEBUG com.intuit.karate -- response time in milliseconds: 1110
1 < 400
1 < Access-Control-Allow-Origin: *
1 < Content-Length: 270
1 < Content-Security-Policy: script-src 'self' 'unsafe-inline' https://cdn.jsdelivr.net;img-src 'self' data: https://cdn.jsdelivr.net;default-src 'self';base-uri 'self';font-src 'self' https: data:;form-action 'self';frame-ancestors 'self';object-src 'none';script-src-attr 'none';style-src 'self' https: 'unsafe-inline';upgrade-insecure-requests
1 < Content-Type: application/json; charset=utf-8
1 < Cross-Origin-Opener-Policy: same-origin
1 < Cross-Origin-Resource-Policy: same-origin
1 < Date: Sat, 14 Jun 2025 08:07:12 GMT
1 < Etag: W/"10e-s8dx0K2N/unvpYlr09wvBkbhY8c"
1 < Nel: {"report_to":"heroku-nel","response_headers":["Via"],"max_age":3600,"success_fraction":0.01,"failure_fraction":0.1}
1 < Origin-Agent-Cluster: ?1
1 < Referrer-Policy: no-referrer
1 < Report-To: {"group":"heroku-nel","endpoints":[{"url":"https://nel.heroku.com/reports?s=yX%2FuEdk7AQeR2Srn%2Bvts%2BsTUr%2FD1g9BALjWsnTVU05Y%3D\u0026sid=c46efe9b-d3d2-4a0c-8c76-bfafa16c5add\u0026ts=1749888432"}],"max_age":3600}
1 < Reporting-Endpoints: heroku-nel="https://nel.heroku.com/reports?s=yX%2FuEdk7AQeR2Srn%2Bvts%2BsTUr%2FD1g9BALjWsnTVU05Y%3D&sid=c46efe9b-d3d2-4a0c-8c76-bfafa16c5add&ts=1749888432"
1 < Server: Heroku
1 < Strict-Transport-Security: max-age=31536000; includeSubDomains
1 < Via: 1.1 heroku-router
1 < X-Content-Type-Options: nosniff
1 < X-Dns-Prefetch-Control: off
1 < X-Download-Options: noopen
1 < X-Frame-Options: SAMEORIGIN
1 < X-Permitted-Cross-Domain-Policies: none
1 < X-Xss-Protection: 0
{"path":"/api/v1/products/133","timestamp":"2025-06-14T08:07:12.862Z","name":"EntityNotFoundError","message":"Could not find any entity of type \"Product\" matching: {\n    \"relations\": [\n        \"category\"\n    ],\n    \"where\": {\n        \"id\": 133\n    }\n}"}

13:37:13.254 [main] INFO com.intuit.karate -- [print] {
  "path": "/api/v1/products/133",
  "timestamp": "2025-06-14T08:07:12.862Z",
  "name": "EntityNotFoundError",
  "message": "Could not find any entity of type \"Product\" matching: {\n    \"relations\": [\n        \"category\"\n    ],\n    \"where\": {\n        \"id\": 133\n    }\n}"
}
 
13:37:13.254 [main] INFO com.intuit.karate -- [print] 400 
13:37:13.276 [main] ERROR com.intuit.karate -- classpath:features/product-crud.feature:30
Then status 200
status code was: 400, expected: 200, response time in milliseconds: 1110, url: https://api.escuelajs.co/api/v1/products/133, response: 
{"path":"/api/v1/products/133","timestamp":"2025-06-14T08:07:12.862Z","name":"EntityNotFoundError","message":"Could not find any entity of type \"Product\" matching: {\n    \"relations\": [\n        \"category\"\n    ],\n    \"where\": {\n        \"id\": 133\n    }\n}"}
classpath:features/product-crud.feature:30
]]></system-out>
  </testcase>
  <testcase name="[3:33] Update the product (PUT)" classname="features/product-crud" time="1.055">
    <failure message="status code was: 400, expected: 200, response time in milliseconds: 1018, url: https://api.escuelajs.co/api/v1/products/133, response: &#10;{&quot;path&quot;:&quot;/api/v1/products/133&quot;,&quot;timestamp&quot;:&quot;2025-06-14T08:07:14.148Z&quot;,&quot;name&quot;:&quot;EntityNotFoundError&quot;,&quot;message&quot;:&quot;Could not find any entity of type \&quot;Product\&quot; matching: {\n    \&quot;relations\&quot;: [\n        \&quot;category\&quot;\n    ],\n    \&quot;where\&quot;: {\n        \&quot;id\&quot;: 133\n    }\n}&quot;}&#10;classpath:features/product-crud.feature:49" type="org.opentest4j.AssertionFailedError"><![CDATA[org.opentest4j.AssertionFailedError: 
status code was: 400, expected: 200, response time in milliseconds: 1018, url: https://api.escuelajs.co/api/v1/products/133, response: 
{"path":"/api/v1/products/133","timestamp":"2025-06-14T08:07:14.148Z","name":"EntityNotFoundError","message":"Could not find any entity of type \"Product\" matching: {\n    \"relations\": [\n        \"category\"\n    ],\n    \"where\": {\n        \"id\": 133\n    }\n}"}
classpath:features/product-crud.feature:49
	at org.junit.jupiter.api.AssertionUtils.fail(AssertionUtils.java:38)
	at org.junit.jupiter.api.Assertions.fail(Assertions.java:135)
	at com.intuit.karate.junit5.FeatureNode.lambda$next$1(FeatureNode.java:86)
	at org.junit.jupiter.engine.descriptor.DynamicTestTestDescriptor.lambda$execute$0(DynamicTestTestDescriptor.java:53)
	at org.junit.jupiter.engine.execution.InvocationInterceptorChain$ValidatingInvocation.proceed(InvocationInterceptorChain.java:131)
	at org.junit.jupiter.api.extension.InvocationInterceptor.interceptDynamicTest(InvocationInterceptor.java:167)
	at org.junit.jupiter.api.extension.InvocationInterceptor.interceptDynamicTest(InvocationInterceptor.java:184)
	at org.junit.jupiter.engine.descriptor.DynamicTestTestDescriptor.lambda$execute$1(DynamicTestTestDescriptor.java:61)
	at org.junit.jupiter.engine.execution.InvocationInterceptorChain$InterceptorCall.lambda$ofVoid$0(InvocationInterceptorChain.java:78)
	at org.junit.jupiter.engine.execution.InvocationInterceptorChain$InterceptedInvocation.proceed(InvocationInterceptorChain.java:106)
	at org.junit.jupiter.engine.execution.InvocationInterceptorChain.proceed(InvocationInterceptorChain.java:64)
	at org.junit.jupiter.engine.execution.InvocationInterceptorChain.chainAndInvoke(InvocationInterceptorChain.java:45)
	at org.junit.jupiter.engine.execution.InvocationInterceptorChain.invoke(InvocationInterceptorChain.java:37)
	at org.junit.jupiter.engine.descriptor.DynamicTestTestDescriptor.execute(DynamicTestTestDescriptor.java:60)
	at org.junit.jupiter.engine.descriptor.DynamicTestTestDescriptor.execute(DynamicTestTestDescriptor.java:32)
	at org.junit.platform.engine.support.hierarchical.NodeTestTask.lambda$executeRecursively$6(NodeTestTask.java:151)
	at org.junit.platform.engine.support.hierarchical.ThrowableCollector.execute(ThrowableCollector.java:73)
	at org.junit.platform.engine.support.hierarchical.NodeTestTask.lambda$executeRecursively$8(NodeTestTask.java:141)
	at org.junit.platform.engine.support.hierarchical.Node.around(Node.java:137)
	at org.junit.platform.engine.support.hierarchical.NodeTestTask.lambda$executeRecursively$9(NodeTestTask.java:139)
	at org.junit.platform.engine.support.hierarchical.ThrowableCollector.execute(ThrowableCollector.java:73)
	at org.junit.platform.engine.support.hierarchical.NodeTestTask.executeRecursively(NodeTestTask.java:138)
	at org.junit.platform.engine.support.hierarchical.NodeTestTask.execute(NodeTestTask.java:95)
	at org.junit.platform.engine.support.hierarchical.SameThreadHierarchicalTestExecutorService.submit(SameThreadHierarchicalTestExecutorService.java:35)
	at org.junit.platform.engine.support.hierarchical.NodeTestTask$DefaultDynamicTestExecutor.execute(NodeTestTask.java:226)
	at org.junit.platform.engine.support.hierarchical.NodeTestTask$DefaultDynamicTestExecutor.execute(NodeTestTask.java:204)
	at java.base/java.util.stream.ForEachOps$ForEachOp$OfRef.accept(ForEachOps.java:184)
	at java.base/java.util.stream.ReferencePipeline$3$1.accept(ReferencePipeline.java:197)
	at java.base/java.util.stream.ReferencePipeline$2$1.accept(ReferencePipeline.java:179)
	at java.base/java.util.stream.ReferencePipeline$3$1.accept(ReferencePipeline.java:197)
	at java.base/java.util.Iterator.forEachRemaining(Iterator.java:133)
	at java.base/java.util.Spliterators$IteratorSpliterator.forEachRemaining(Spliterators.java:1939)
	at java.base/java.util.stream.AbstractPipeline.copyInto(AbstractPipeline.java:509)
	at java.base/java.util.stream.AbstractPipeline.wrapAndCopyInto(AbstractPipeline.java:499)
	at java.base/java.util.stream.ForEachOps$ForEachOp.evaluateSequential(ForEachOps.java:151)
	at java.base/java.util.stream.ForEachOps$ForEachOp$OfRef.evaluateSequential(ForEachOps.java:174)
	at java.base/java.util.stream.AbstractPipeline.evaluate(AbstractPipeline.java:234)
	at java.base/java.util.stream.ReferencePipeline.forEachOrdered(ReferencePipeline.java:601)
	at org.junit.jupiter.engine.descriptor.DynamicContainerTestDescriptor.execute(DynamicContainerTestDescriptor.java:67)
	at org.junit.jupiter.engine.descriptor.DynamicContainerTestDescriptor.execute(DynamicContainerTestDescriptor.java:33)
	at org.junit.platform.engine.support.hierarchical.NodeTestTask.lambda$executeRecursively$6(NodeTestTask.java:151)
	at org.junit.platform.engine.support.hierarchical.ThrowableCollector.execute(ThrowableCollector.java:73)
	at org.junit.platform.engine.support.hierarchical.NodeTestTask.lambda$executeRecursively$8(NodeTestTask.java:141)
	at org.junit.platform.engine.support.hierarchical.Node.around(Node.java:137)
	at org.junit.platform.engine.support.hierarchical.NodeTestTask.lambda$executeRecursively$9(NodeTestTask.java:139)
	at org.junit.platform.engine.support.hierarchical.ThrowableCollector.execute(ThrowableCollector.java:73)
	at org.junit.platform.engine.support.hierarchical.NodeTestTask.executeRecursively(NodeTestTask.java:138)
	at org.junit.platform.engine.support.hierarchical.NodeTestTask.execute(NodeTestTask.java:95)
	at org.junit.platform.engine.support.hierarchical.SameThreadHierarchicalTestExecutorService.submit(SameThreadHierarchicalTestExecutorService.java:35)
	at org.junit.platform.engine.support.hierarchical.NodeTestTask$DefaultDynamicTestExecutor.execute(NodeTestTask.java:226)
	at org.junit.platform.engine.support.hierarchical.NodeTestTask$DefaultDynamicTestExecutor.execute(NodeTestTask.java:204)
	at java.base/java.util.Optional.ifPresent(Optional.java:178)
	at org.junit.jupiter.engine.descriptor.TestFactoryTestDescriptor.lambda$invokeTestMethod$1(TestFactoryTestDescriptor.java:108)
	at org.junit.platform.engine.support.hierarchical.ThrowableCollector.execute(ThrowableCollector.java:73)
	at org.junit.jupiter.engine.descriptor.TestFactoryTestDescriptor.invokeTestMethod(TestFactoryTestDescriptor.java:95)
	at org.junit.jupiter.engine.descriptor.TestMethodTestDescriptor.execute(TestMethodTestDescriptor.java:138)
	at org.junit.jupiter.engine.descriptor.TestMethodTestDescriptor.execute(TestMethodTestDescriptor.java:68)
	at org.junit.platform.engine.support.hierarchical.NodeTestTask.lambda$executeRecursively$6(NodeTestTask.java:151)
	at org.junit.platform.engine.support.hierarchical.ThrowableCollector.execute(ThrowableCollector.java:73)
	at org.junit.platform.engine.support.hierarchical.NodeTestTask.lambda$executeRecursively$8(NodeTestTask.java:141)
	at org.junit.platform.engine.support.hierarchical.Node.around(Node.java:137)
	at org.junit.platform.engine.support.hierarchical.NodeTestTask.lambda$executeRecursively$9(NodeTestTask.java:139)
	at org.junit.platform.engine.support.hierarchical.ThrowableCollector.execute(ThrowableCollector.java:73)
	at org.junit.platform.engine.support.hierarchical.NodeTestTask.executeRecursively(NodeTestTask.java:138)
	at org.junit.platform.engine.support.hierarchical.NodeTestTask.execute(NodeTestTask.java:95)
	at java.base/java.util.ArrayList.forEach(ArrayList.java:1596)
	at org.junit.platform.engine.support.hierarchical.SameThreadHierarchicalTestExecutorService.invokeAll(SameThreadHierarchicalTestExecutorService.java:41)
	at org.junit.platform.engine.support.hierarchical.NodeTestTask.lambda$executeRecursively$6(NodeTestTask.java:155)
	at org.junit.platform.engine.support.hierarchical.ThrowableCollector.execute(ThrowableCollector.java:73)
	at org.junit.platform.engine.support.hierarchical.NodeTestTask.lambda$executeRecursively$8(NodeTestTask.java:141)
	at org.junit.platform.engine.support.hierarchical.Node.around(Node.java:137)
	at org.junit.platform.engine.support.hierarchical.NodeTestTask.lambda$executeRecursively$9(NodeTestTask.java:139)
	at org.junit.platform.engine.support.hierarchical.ThrowableCollector.execute(ThrowableCollector.java:73)
	at org.junit.platform.engine.support.hierarchical.NodeTestTask.executeRecursively(NodeTestTask.java:138)
	at org.junit.platform.engine.support.hierarchical.NodeTestTask.execute(NodeTestTask.java:95)
	at java.base/java.util.ArrayList.forEach(ArrayList.java:1596)
	at org.junit.platform.engine.support.hierarchical.SameThreadHierarchicalTestExecutorService.invokeAll(SameThreadHierarchicalTestExecutorService.java:41)
	at org.junit.platform.engine.support.hierarchical.NodeTestTask.lambda$executeRecursively$6(NodeTestTask.java:155)
	at org.junit.platform.engine.support.hierarchical.ThrowableCollector.execute(ThrowableCollector.java:73)
	at org.junit.platform.engine.support.hierarchical.NodeTestTask.lambda$executeRecursively$8(NodeTestTask.java:141)
	at org.junit.platform.engine.support.hierarchical.Node.around(Node.java:137)
	at org.junit.platform.engine.support.hierarchical.NodeTestTask.lambda$executeRecursively$9(NodeTestTask.java:139)
	at org.junit.platform.engine.support.hierarchical.ThrowableCollector.execute(ThrowableCollector.java:73)
	at org.junit.platform.engine.support.hierarchical.NodeTestTask.executeRecursively(NodeTestTask.java:138)
	at org.junit.platform.engine.support.hierarchical.NodeTestTask.execute(NodeTestTask.java:95)
	at org.junit.platform.engine.support.hierarchical.SameThreadHierarchicalTestExecutorService.submit(SameThreadHierarchicalTestExecutorService.java:35)
	at org.junit.platform.engine.support.hierarchical.HierarchicalTestExecutor.execute(HierarchicalTestExecutor.java:57)
	at org.junit.platform.engine.support.hierarchical.HierarchicalTestEngine.execute(HierarchicalTestEngine.java:54)
	at org.junit.platform.launcher.core.EngineExecutionOrchestrator.execute(EngineExecutionOrchestrator.java:147)
	at org.junit.platform.launcher.core.EngineExecutionOrchestrator.execute(EngineExecutionOrchestrator.java:127)
	at org.junit.platform.launcher.core.EngineExecutionOrchestrator.execute(EngineExecutionOrchestrator.java:90)
	at org.junit.platform.launcher.core.EngineExecutionOrchestrator.lambda$execute$0(EngineExecutionOrchestrator.java:55)
	at org.junit.platform.launcher.core.EngineExecutionOrchestrator.withInterceptedStreams(EngineExecutionOrchestrator.java:102)
	at org.junit.platform.launcher.core.EngineExecutionOrchestrator.execute(EngineExecutionOrchestrator.java:54)
	at org.junit.platform.launcher.core.DefaultLauncher.execute(DefaultLauncher.java:114)
	at org.junit.platform.launcher.core.DefaultLauncher.execute(DefaultLauncher.java:86)
	at org.junit.platform.launcher.core.DefaultLauncherSession$DelegatingLauncher.execute(DefaultLauncherSession.java:86)
	at org.apache.maven.surefire.junitplatform.LazyLauncher.execute(LazyLauncher.java:55)
	at org.apache.maven.surefire.junitplatform.JUnitPlatformProvider.execute(JUnitPlatformProvider.java:223)
	at org.apache.maven.surefire.junitplatform.JUnitPlatformProvider.invokeAllTests(JUnitPlatformProvider.java:175)
	at org.apache.maven.surefire.junitplatform.JUnitPlatformProvider.invoke(JUnitPlatformProvider.java:139)
	at org.apache.maven.surefire.booter.ForkedBooter.runSuitesInProcess(ForkedBooter.java:456)
	at org.apache.maven.surefire.booter.ForkedBooter.execute(ForkedBooter.java:169)
	at org.apache.maven.surefire.booter.ForkedBooter.run(ForkedBooter.java:595)
	at org.apache.maven.surefire.booter.ForkedBooter.main(ForkedBooter.java:581)
]]></failure>
    <system-out><![CDATA[13:37:13.304 [main] DEBUG com.jayway.jsonpath.internal.path.CompiledPath -- Evaluating path: $
13:37:13.308 [main] DEBUG com.jayway.jsonpath.internal.path.CompiledPath -- Evaluating path: $
13:37:13.317 [main] DEBUG org.apache.http.client.protocol.RequestAddCookies -- CookieSpec selected: karate
13:37:13.317 [main] DEBUG org.apache.http.client.protocol.RequestAuthCache -- Auth cache not set in the context
13:37:13.317 [main] DEBUG com.intuit.karate -- request:
1 > PUT https://api.escuelajs.co/api/v1/products/133
1 > Content-Type: application/json; charset=UTF-8
1 > Content-Length: 145
1 > Host: api.escuelajs.co
1 > Connection: Keep-Alive
1 > User-Agent: Apache-HttpClient/4.5.14 (Java/21.0.7)
1 > Accept-Encoding: gzip,deflate
{"title":"Test 1","price":56,"description":"Updated description using Karate","categoryId":1,"images":["https:\/\/placeimg.com\/640\/480\/tech"]}

13:37:13.317 [main] DEBUG org.apache.http.impl.conn.PoolingHttpClientConnectionManager -- Connection request: [route: {s}->https://api.escuelajs.co:443][total available: 0; route allocated: 0 of 5; total allocated: 0 of 10]
13:37:13.317 [main] DEBUG org.apache.http.impl.conn.PoolingHttpClientConnectionManager -- Connection leased: [id: 2][route: {s}->https://api.escuelajs.co:443][total available: 0; route allocated: 1 of 5; total allocated: 1 of 10]
13:37:13.317 [main] DEBUG org.apache.http.impl.execchain.MainClientExec -- Opening connection {s}->https://api.escuelajs.co:443
13:37:13.317 [main] DEBUG org.apache.http.impl.conn.DefaultHttpClientConnectionOperator -- Connecting to api.escuelajs.co/35.71.145.101:443
13:37:13.317 [main] DEBUG org.apache.http.conn.ssl.SSLConnectionSocketFactory -- Connecting socket to api.escuelajs.co/35.71.145.101:443 with timeout 30000
13:37:13.573 [main] DEBUG org.apache.http.conn.ssl.SSLConnectionSocketFactory -- Enabled protocols: [TLSv1.3, TLSv1.2]
13:37:13.573 [main] DEBUG org.apache.http.conn.ssl.SSLConnectionSocketFactory -- Enabled cipher suites:[TLS_AES_256_GCM_SHA384, TLS_AES_128_GCM_SHA256, TLS_CHACHA20_POLY1305_SHA256, TLS_ECDHE_ECDSA_WITH_AES_256_GCM_SHA384, TLS_ECDHE_ECDSA_WITH_AES_128_GCM_SHA256, TLS_ECDHE_ECDSA_WITH_CHACHA20_POLY1305_SHA256, TLS_ECDHE_RSA_WITH_AES_256_GCM_SHA384, TLS_ECDHE_RSA_WITH_CHACHA20_POLY1305_SHA256, TLS_ECDHE_RSA_WITH_AES_128_GCM_SHA256, TLS_DHE_RSA_WITH_AES_256_GCM_SHA384, TLS_DHE_RSA_WITH_CHACHA20_POLY1305_SHA256, TLS_DHE_DSS_WITH_AES_256_GCM_SHA384, TLS_DHE_RSA_WITH_AES_128_GCM_SHA256, TLS_DHE_DSS_WITH_AES_128_GCM_SHA256, TLS_ECDHE_ECDSA_WITH_AES_256_CBC_SHA384, TLS_ECDHE_RSA_WITH_AES_256_CBC_SHA384, TLS_ECDHE_ECDSA_WITH_AES_128_CBC_SHA256, TLS_ECDHE_RSA_WITH_AES_128_CBC_SHA256, TLS_DHE_RSA_WITH_AES_256_CBC_SHA256, TLS_DHE_DSS_WITH_AES_256_CBC_SHA256, TLS_DHE_RSA_WITH_AES_128_CBC_SHA256, TLS_DHE_DSS_WITH_AES_128_CBC_SHA256, TLS_ECDHE_ECDSA_WITH_AES_256_CBC_SHA, TLS_ECDHE_RSA_WITH_AES_256_CBC_SHA, TLS_ECDHE_ECDSA_WITH_AES_128_CBC_SHA, TLS_ECDHE_RSA_WITH_AES_128_CBC_SHA, TLS_DHE_RSA_WITH_AES_256_CBC_SHA, TLS_DHE_DSS_WITH_AES_256_CBC_SHA, TLS_DHE_RSA_WITH_AES_128_CBC_SHA, TLS_DHE_DSS_WITH_AES_128_CBC_SHA, TLS_RSA_WITH_AES_256_GCM_SHA384, TLS_RSA_WITH_AES_128_GCM_SHA256, TLS_RSA_WITH_AES_256_CBC_SHA256, TLS_RSA_WITH_AES_128_CBC_SHA256, TLS_RSA_WITH_AES_256_CBC_SHA, TLS_RSA_WITH_AES_128_CBC_SHA, TLS_EMPTY_RENEGOTIATION_INFO_SCSV]
13:37:13.573 [main] DEBUG org.apache.http.conn.ssl.SSLConnectionSocketFactory -- Starting handshake
13:37:13.861 [main] DEBUG org.apache.http.conn.ssl.SSLConnectionSocketFactory -- Secure session established
13:37:13.861 [main] DEBUG org.apache.http.conn.ssl.SSLConnectionSocketFactory --  negotiated protocol: TLSv1.3
13:37:13.861 [main] DEBUG org.apache.http.conn.ssl.SSLConnectionSocketFactory --  negotiated cipher suite: TLS_AES_128_GCM_SHA256
13:37:13.861 [main] DEBUG org.apache.http.conn.ssl.SSLConnectionSocketFactory --  peer principal: CN=api.escuelajs.co
13:37:13.861 [main] DEBUG org.apache.http.conn.ssl.SSLConnectionSocketFactory --  peer alternative names: [api.escuelajs.co]
13:37:13.861 [main] DEBUG org.apache.http.conn.ssl.SSLConnectionSocketFactory --  issuer principal: CN=R11, O=Let's Encrypt, C=US
13:37:13.861 [main] DEBUG org.apache.http.impl.conn.DefaultHttpClientConnectionOperator -- Connection established 192.168.1.3:51487<->35.71.145.101:443
13:37:13.861 [main] DEBUG org.apache.http.impl.conn.DefaultManagedHttpClientConnection -- http-outgoing-2: set socket timeout to 30000
13:37:13.861 [main] DEBUG org.apache.http.impl.execchain.MainClientExec -- Executing request PUT /api/v1/products/133 HTTP/1.1
13:37:13.861 [main] DEBUG org.apache.http.impl.execchain.MainClientExec -- Target auth state: UNCHALLENGED
13:37:13.861 [main] DEBUG org.apache.http.impl.execchain.MainClientExec -- Proxy auth state: UNCHALLENGED
13:37:13.861 [main] DEBUG org.apache.http.headers -- http-outgoing-2 >> PUT /api/v1/products/133 HTTP/1.1
13:37:13.861 [main] DEBUG org.apache.http.headers -- http-outgoing-2 >> Content-Type: application/json; charset=UTF-8
13:37:13.863 [main] DEBUG org.apache.http.headers -- http-outgoing-2 >> Content-Length: 145
13:37:13.863 [main] DEBUG org.apache.http.headers -- http-outgoing-2 >> Host: api.escuelajs.co
13:37:13.863 [main] DEBUG org.apache.http.headers -- http-outgoing-2 >> Connection: Keep-Alive
13:37:13.863 [main] DEBUG org.apache.http.headers -- http-outgoing-2 >> User-Agent: Apache-HttpClient/4.5.14 (Java/21.0.7)
13:37:13.863 [main] DEBUG org.apache.http.headers -- http-outgoing-2 >> Accept-Encoding: gzip,deflate
13:37:13.863 [main] DEBUG org.apache.http.wire -- http-outgoing-2 >> "PUT /api/v1/products/133 HTTP/1.1[\r][\n]"
13:37:13.863 [main] DEBUG org.apache.http.wire -- http-outgoing-2 >> "Content-Type: application/json; charset=UTF-8[\r][\n]"
13:37:13.863 [main] DEBUG org.apache.http.wire -- http-outgoing-2 >> "Content-Length: 145[\r][\n]"
13:37:13.863 [main] DEBUG org.apache.http.wire -- http-outgoing-2 >> "Host: api.escuelajs.co[\r][\n]"
13:37:13.863 [main] DEBUG org.apache.http.wire -- http-outgoing-2 >> "Connection: Keep-Alive[\r][\n]"
13:37:13.863 [main] DEBUG org.apache.http.wire -- http-outgoing-2 >> "User-Agent: Apache-HttpClient/4.5.14 (Java/21.0.7)[\r][\n]"
13:37:13.863 [main] DEBUG org.apache.http.wire -- http-outgoing-2 >> "Accept-Encoding: gzip,deflate[\r][\n]"
13:37:13.863 [main] DEBUG org.apache.http.wire -- http-outgoing-2 >> "[\r][\n]"
13:37:13.863 [main] DEBUG org.apache.http.wire -- http-outgoing-2 >> "{"title":"Test 1","price":56,"description":"Updated description using Karate","categoryId":1,"images":["https:\/\/placeimg.com\/640\/480\/tech"]}"
13:37:14.317 [main] DEBUG org.apache.http.wire -- http-outgoing-2 << "HTTP/1.1 400 Bad Request[\r][\n]"
13:37:14.317 [main] DEBUG org.apache.http.wire -- http-outgoing-2 << "Access-Control-Allow-Origin: *[\r][\n]"
13:37:14.317 [main] DEBUG org.apache.http.wire -- http-outgoing-2 << "Content-Length: 270[\r][\n]"
13:37:14.317 [main] DEBUG org.apache.http.wire -- http-outgoing-2 << "Content-Security-Policy: script-src 'self' 'unsafe-inline' https://cdn.jsdelivr.net;img-src 'self' data: https://cdn.jsdelivr.net;default-src 'self';base-uri 'self';font-src 'self' https: data:;form-action 'self';frame-ancestors 'self';object-src 'none';script-src-attr 'none';style-src 'self' https: 'unsafe-inline';upgrade-insecure-requests[\r][\n]"
13:37:14.317 [main] DEBUG org.apache.http.wire -- http-outgoing-2 << "Content-Type: application/json; charset=utf-8[\r][\n]"
13:37:14.317 [main] DEBUG org.apache.http.wire -- http-outgoing-2 << "Cross-Origin-Opener-Policy: same-origin[\r][\n]"
13:37:14.317 [main] DEBUG org.apache.http.wire -- http-outgoing-2 << "Cross-Origin-Resource-Policy: same-origin[\r][\n]"
13:37:14.317 [main] DEBUG org.apache.http.wire -- http-outgoing-2 << "Date: Sat, 14 Jun 2025 08:07:14 GMT[\r][\n]"
13:37:14.317 [main] DEBUG org.apache.http.wire -- http-outgoing-2 << "Etag: W/"10e-yLFl8E50AfTxdKeW9yPnsVZNncM"[\r][\n]"
13:37:14.317 [main] DEBUG org.apache.http.wire -- http-outgoing-2 << "Nel: {"report_to":"heroku-nel","response_headers":["Via"],"max_age":3600,"success_fraction":0.01,"failure_fraction":0.1}[\r][\n]"
13:37:14.317 [main] DEBUG org.apache.http.wire -- http-outgoing-2 << "Origin-Agent-Cluster: ?1[\r][\n]"
13:37:14.317 [main] DEBUG org.apache.http.wire -- http-outgoing-2 << "Referrer-Policy: no-referrer[\r][\n]"
13:37:14.317 [main] DEBUG org.apache.http.wire -- http-outgoing-2 << "Report-To: {"group":"heroku-nel","endpoints":[{"url":"https://nel.heroku.com/reports?s=JNXvd%2Bsx8LsWv4D6k46697OifwXIs58BiKysP59q38k%3D\u0026sid=c46efe9b-d3d2-4a0c-8c76-bfafa16c5add\u0026ts=1749888433"}],"max_age":3600}[\r][\n]"
13:37:14.329 [main] DEBUG org.apache.http.wire -- http-outgoing-2 << "Reporting-Endpoints: heroku-nel="https://nel.heroku.com/reports?s=JNXvd%2Bsx8LsWv4D6k46697OifwXIs58BiKysP59q38k%3D&sid=c46efe9b-d3d2-4a0c-8c76-bfafa16c5a"
13:37:14.329 [main] DEBUG org.apache.http.wire -- http-outgoing-2 << "dd&ts=1749888433"[\r][\n]"
13:37:14.329 [main] DEBUG org.apache.http.wire -- http-outgoing-2 << "Server: Heroku[\r][\n]"
13:37:14.329 [main] DEBUG org.apache.http.wire -- http-outgoing-2 << "Strict-Transport-Security: max-age=31536000; includeSubDomains[\r][\n]"
13:37:14.331 [main] DEBUG org.apache.http.wire -- http-outgoing-2 << "Via: 1.1 heroku-router[\r][\n]"
13:37:14.331 [main] DEBUG org.apache.http.wire -- http-outgoing-2 << "X-Content-Type-Options: nosniff[\r][\n]"
13:37:14.331 [main] DEBUG org.apache.http.wire -- http-outgoing-2 << "X-Dns-Prefetch-Control: off[\r][\n]"
13:37:14.331 [main] DEBUG org.apache.http.wire -- http-outgoing-2 << "X-Download-Options: noopen[\r][\n]"
13:37:14.331 [main] DEBUG org.apache.http.wire -- http-outgoing-2 << "X-Frame-Options: SAMEORIGIN[\r][\n]"
13:37:14.331 [main] DEBUG org.apache.http.wire -- http-outgoing-2 << "X-Permitted-Cross-Domain-Policies: none[\r][\n]"
13:37:14.331 [main] DEBUG org.apache.http.wire -- http-outgoing-2 << "X-Xss-Protection: 0[\r][\n]"
13:37:14.331 [main] DEBUG org.apache.http.wire -- http-outgoing-2 << "[\r][\n]"
13:37:14.331 [main] DEBUG org.apache.http.wire -- http-outgoing-2 << "{"path":"/api/v1/products/133","timestamp":"2025-06-14T08:07:14.148Z","name":"EntityNotFoundError","message":"Could not find any entity of type \"Product\" matching: {\n    \"relations\": [\n        \"category\"\n    ],\n    \"where\": {\n        \"id\": 133\n    }\n}"}"
13:37:14.331 [main] DEBUG org.apache.http.headers -- http-outgoing-2 << HTTP/1.1 400 Bad Request
13:37:14.331 [main] DEBUG org.apache.http.headers -- http-outgoing-2 << Access-Control-Allow-Origin: *
13:37:14.331 [main] DEBUG org.apache.http.headers -- http-outgoing-2 << Content-Length: 270
13:37:14.331 [main] DEBUG org.apache.http.headers -- http-outgoing-2 << Content-Security-Policy: script-src 'self' 'unsafe-inline' https://cdn.jsdelivr.net;img-src 'self' data: https://cdn.jsdelivr.net;default-src 'self';base-uri 'self';font-src 'self' https: data:;form-action 'self';frame-ancestors 'self';object-src 'none';script-src-attr 'none';style-src 'self' https: 'unsafe-inline';upgrade-insecure-requests
13:37:14.331 [main] DEBUG org.apache.http.headers -- http-outgoing-2 << Content-Type: application/json; charset=utf-8
13:37:14.331 [main] DEBUG org.apache.http.headers -- http-outgoing-2 << Cross-Origin-Opener-Policy: same-origin
13:37:14.331 [main] DEBUG org.apache.http.headers -- http-outgoing-2 << Cross-Origin-Resource-Policy: same-origin
13:37:14.331 [main] DEBUG org.apache.http.headers -- http-outgoing-2 << Date: Sat, 14 Jun 2025 08:07:14 GMT
13:37:14.331 [main] DEBUG org.apache.http.headers -- http-outgoing-2 << Etag: W/"10e-yLFl8E50AfTxdKeW9yPnsVZNncM"
13:37:14.331 [main] DEBUG org.apache.http.headers -- http-outgoing-2 << Nel: {"report_to":"heroku-nel","response_headers":["Via"],"max_age":3600,"success_fraction":0.01,"failure_fraction":0.1}
13:37:14.331 [main] DEBUG org.apache.http.headers -- http-outgoing-2 << Origin-Agent-Cluster: ?1
13:37:14.333 [main] DEBUG org.apache.http.headers -- http-outgoing-2 << Referrer-Policy: no-referrer
13:37:14.333 [main] DEBUG org.apache.http.headers -- http-outgoing-2 << Report-To: {"group":"heroku-nel","endpoints":[{"url":"https://nel.heroku.com/reports?s=JNXvd%2Bsx8LsWv4D6k46697OifwXIs58BiKysP59q38k%3D\u0026sid=c46efe9b-d3d2-4a0c-8c76-bfafa16c5add\u0026ts=1749888433"}],"max_age":3600}
13:37:14.333 [main] DEBUG org.apache.http.headers -- http-outgoing-2 << Reporting-Endpoints: heroku-nel="https://nel.heroku.com/reports?s=JNXvd%2Bsx8LsWv4D6k46697OifwXIs58BiKysP59q38k%3D&sid=c46efe9b-d3d2-4a0c-8c76-bfafa16c5add&ts=1749888433"
13:37:14.333 [main] DEBUG org.apache.http.headers -- http-outgoing-2 << Server: Heroku
13:37:14.333 [main] DEBUG org.apache.http.headers -- http-outgoing-2 << Strict-Transport-Security: max-age=31536000; includeSubDomains
13:37:14.333 [main] DEBUG org.apache.http.headers -- http-outgoing-2 << Via: 1.1 heroku-router
13:37:14.333 [main] DEBUG org.apache.http.headers -- http-outgoing-2 << X-Content-Type-Options: nosniff
13:37:14.333 [main] DEBUG org.apache.http.headers -- http-outgoing-2 << X-Dns-Prefetch-Control: off
13:37:14.333 [main] DEBUG org.apache.http.headers -- http-outgoing-2 << X-Download-Options: noopen
13:37:14.333 [main] DEBUG org.apache.http.headers -- http-outgoing-2 << X-Frame-Options: SAMEORIGIN
13:37:14.333 [main] DEBUG org.apache.http.headers -- http-outgoing-2 << X-Permitted-Cross-Domain-Policies: none
13:37:14.333 [main] DEBUG org.apache.http.headers -- http-outgoing-2 << X-Xss-Protection: 0
13:37:14.333 [main] DEBUG org.apache.http.impl.execchain.MainClientExec -- Connection can be kept alive indefinitely
13:37:14.335 [main] DEBUG org.apache.http.impl.conn.PoolingHttpClientConnectionManager -- Connection [id: 2][route: {s}->https://api.escuelajs.co:443] can be kept alive indefinitely
13:37:14.335 [main] DEBUG org.apache.http.impl.conn.DefaultManagedHttpClientConnection -- http-outgoing-2: set socket timeout to 0
13:37:14.335 [main] DEBUG org.apache.http.impl.conn.PoolingHttpClientConnectionManager -- Connection released: [id: 2][route: {s}->https://api.escuelajs.co:443][total available: 1; route allocated: 1 of 5; total allocated: 1 of 10]
13:37:14.335 [main] DEBUG org.apache.http.impl.conn.PoolingHttpClientConnectionManager -- Connection manager is shutting down
13:37:14.335 [main] DEBUG org.apache.http.impl.conn.DefaultManagedHttpClientConnection -- http-outgoing-2: Close connection
13:37:14.337 [main] DEBUG org.apache.http.impl.conn.PoolingHttpClientConnectionManager -- Connection manager shut down
13:37:14.337 [main] DEBUG com.intuit.karate -- response time in milliseconds: 1018
1 < 400
1 < Access-Control-Allow-Origin: *
1 < Content-Length: 270
1 < Content-Security-Policy: script-src 'self' 'unsafe-inline' https://cdn.jsdelivr.net;img-src 'self' data: https://cdn.jsdelivr.net;default-src 'self';base-uri 'self';font-src 'self' https: data:;form-action 'self';frame-ancestors 'self';object-src 'none';script-src-attr 'none';style-src 'self' https: 'unsafe-inline';upgrade-insecure-requests
1 < Content-Type: application/json; charset=utf-8
1 < Cross-Origin-Opener-Policy: same-origin
1 < Cross-Origin-Resource-Policy: same-origin
1 < Date: Sat, 14 Jun 2025 08:07:14 GMT
1 < Etag: W/"10e-yLFl8E50AfTxdKeW9yPnsVZNncM"
1 < Nel: {"report_to":"heroku-nel","response_headers":["Via"],"max_age":3600,"success_fraction":0.01,"failure_fraction":0.1}
1 < Origin-Agent-Cluster: ?1
1 < Referrer-Policy: no-referrer
1 < Report-To: {"group":"heroku-nel","endpoints":[{"url":"https://nel.heroku.com/reports?s=JNXvd%2Bsx8LsWv4D6k46697OifwXIs58BiKysP59q38k%3D\u0026sid=c46efe9b-d3d2-4a0c-8c76-bfafa16c5add\u0026ts=1749888433"}],"max_age":3600}
1 < Reporting-Endpoints: heroku-nel="https://nel.heroku.com/reports?s=JNXvd%2Bsx8LsWv4D6k46697OifwXIs58BiKysP59q38k%3D&sid=c46efe9b-d3d2-4a0c-8c76-bfafa16c5add&ts=1749888433"
1 < Server: Heroku
1 < Strict-Transport-Security: max-age=31536000; includeSubDomains
1 < Via: 1.1 heroku-router
1 < X-Content-Type-Options: nosniff
1 < X-Dns-Prefetch-Control: off
1 < X-Download-Options: noopen
1 < X-Frame-Options: SAMEORIGIN
1 < X-Permitted-Cross-Domain-Policies: none
1 < X-Xss-Protection: 0
{"path":"/api/v1/products/133","timestamp":"2025-06-14T08:07:14.148Z","name":"EntityNotFoundError","message":"Could not find any entity of type \"Product\" matching: {\n    \"relations\": [\n        \"category\"\n    ],\n    \"where\": {\n        \"id\": 133\n    }\n}"}

13:37:14.343 [main] INFO com.intuit.karate -- [print] {
  "path": "/api/v1/products/133",
  "timestamp": "2025-06-14T08:07:14.148Z",
  "name": "EntityNotFoundError",
  "message": "Could not find any entity of type \"Product\" matching: {\n    \"relations\": [\n        \"category\"\n    ],\n    \"where\": {\n        \"id\": 133\n    }\n}"
}
 
13:37:14.345 [main] INFO com.intuit.karate -- [print] 400 
13:37:14.345 [main] ERROR com.intuit.karate -- classpath:features/product-crud.feature:49
Then status 200
status code was: 400, expected: 200, response time in milliseconds: 1018, url: https://api.escuelajs.co/api/v1/products/133, response: 
{"path":"/api/v1/products/133","timestamp":"2025-06-14T08:07:14.148Z","name":"EntityNotFoundError","message":"Could not find any entity of type \"Product\" matching: {\n    \"relations\": [\n        \"category\"\n    ],\n    \"where\": {\n        \"id\": 133\n    }\n}"}
classpath:features/product-crud.feature:49
]]></system-out>
  </testcase>
  <testcase name="[4:52] Delete the product (DELETE)" classname="features/product-crud" time="0.978">
[...]
[THYMELEAF]             * [* {th:cite,data-th-cite}] [1000]: org.thymeleaf.standard.processor.StandardRemovableAttributeTagProcessor
[THYMELEAF]             * [* {th:rev,data-th-rev}] [1000]: org.thymeleaf.standard.processor.StandardRemovableAttributeTagProcessor
[THYMELEAF]             * [* {th:low,data-th-low}] [1000]: org.thymeleaf.standard.processor.StandardRemovableAttributeTagProcessor
[THYMELEAF]             * [* {th:cellpadding,data-th-cellpadding}] [1000]: org.thymeleaf.standard.processor.StandardRemovableAttributeTagProcessor
[THYMELEAF]             * [* {th:high,data-th-high}] [1000]: org.thymeleaf.standard.processor.StandardRemovableAttributeTagProcessor
[THYMELEAF]             * [* {th:scrolling,data-th-scrolling}] [1000]: org.thymeleaf.standard.processor.StandardRemovableAttributeTagProcessor
[THYMELEAF]             * [* {th:id,data-th-id}] [1000]: org.thymeleaf.standard.processor.StandardRemovableAttributeTagProcessor
[THYMELEAF]             * [* {th:summary,data-th-summary}] [1000]: org.thymeleaf.standard.processor.StandardRemovableAttributeTagProcessor
[THYMELEAF]             * [* {th:style,data-th-style}] [1000]: org.thymeleaf.standard.processor.StandardRemovableAttributeTagProcessor
[THYMELEAF]             * [* {th:http-equiv,data-th-http-equiv}] [1000]: org.thymeleaf.standard.processor.StandardRemovableAttributeTagProcessor
[THYMELEAF]             * [* {th:colspan,data-th-colspan}] [1000]: org.thymeleaf.standard.processor.StandardRemovableAttributeTagProcessor
[THYMELEAF]             * [* {th:radiogroup,data-th-radiogroup}] [1000]: org.thymeleaf.standard.processor.StandardRemovableAttributeTagProcessor
[THYMELEAF]             * [* {th:kind,data-th-kind}] [1000]: org.thymeleaf.standard.processor.StandardRemovableAttributeTagProcessor
[THYMELEAF]             * [* {th:rows,data-th-rows}] [1000]: org.thymeleaf.standard.processor.StandardRemovableAttributeTagProcessor
[THYMELEAF]             * [* {th:lang,data-th-lang}] [1000]: org.thymeleaf.standard.processor.StandardRemovableAttributeTagProcessor
[THYMELEAF]             * [* {th:form,data-th-form}] [1000]: org.thymeleaf.standard.processor.StandardRemovableAttributeTagProcessor
[THYMELEAF]             * [* {th:enctype,data-th-enctype}] [1000]: org.thymeleaf.standard.processor.StandardRemovableAttributeTagProcessor
[THYMELEAF]             * [* {th:preload,data-th-preload}] [1000]: org.thymeleaf.standard.processor.StandardRemovableAttributeTagProcessor
[THYMELEAF]             * [* {th:srclang,data-th-srclang}] [1000]: org.thymeleaf.standard.processor.StandardRemovableAttributeTagProcessor
[THYMELEAF]             * [* {th:height,data-th-height}] [1000]: org.thymeleaf.standard.processor.StandardRemovableAttributeTagProcessor
[THYMELEAF]             * [* {th:axis,data-th-axis}] [1000]: org.thymeleaf.standard.processor.StandardRemovableAttributeTagProcessor
[THYMELEAF]             * [* {th:span,data-th-span}] [1000]: org.thymeleaf.standard.processor.StandardRemovableAttributeTagProcessor
[THYMELEAF]             * [* {th:draggable,data-th-draggable}] [1000]: org.thymeleaf.standard.processor.StandardRemovableAttributeTagProcessor
[THYMELEAF]             * [* {th:frame,data-th-frame}] [1000]: org.thymeleaf.standard.processor.StandardRemovableAttributeTagProcessor
[THYMELEAF]             * [* {th:size,data-th-size}] [1000]: org.thymeleaf.standard.processor.StandardRemovableAttributeTagProcessor
[THYMELEAF]             * [* {th:bgcolor,data-th-bgcolor}] [1000]: org.thymeleaf.standard.processor.StandardRemovableAttributeTagProcessor
[THYMELEAF]             * [* {th:accept-charset,data-th-accept-charset}] [1000]: org.thymeleaf.standard.processor.StandardRemovableAttributeTagProcessor
[THYMELEAF]             * [* {th:codetype,data-th-codetype}] [1000]: org.thymeleaf.standard.processor.StandardRemovableAttributeTagProcessor
[THYMELEAF]             * [* {th:sizes,data-th-sizes}] [1000]: org.thymeleaf.standard.processor.StandardRemovableAttributeTagProcessor
[THYMELEAF]             * [* {th:pattern,data-th-pattern}] [1000]: org.thymeleaf.standard.processor.StandardRemovableAttributeTagProcessor
[THYMELEAF]             * [* {th:tabindex,data-th-tabindex}] [1000]: org.thymeleaf.standard.processor.StandardRemovableAttributeTagProcessor
[THYMELEAF]             * [* {th:archive,data-th-archive}] [1000]: org.thymeleaf.standard.processor.StandardRemovableAttributeTagProcessor
[THYMELEAF]             * [* {th:sandbox,data-th-sandbox}] [1000]: org.thymeleaf.standard.processor.StandardRemovableAttributeTagProcessor
[THYMELEAF]             * [* {th:data,data-th-data}] [1000]: org.thymeleaf.standard.processor.StandardRemovableAttributeTagProcessor
[THYMELEAF]             * [* {th:step,data-th-step}] [1000]: org.thymeleaf.standard.processor.StandardRemovableAttributeTagProcessor
[THYMELEAF]             * [* {th:longdesc,data-th-longdesc}] [1000]: org.thymeleaf.standard.processor.StandardRemovableAttributeTagProcessor
[THYMELEAF]             * [* {th:marginheight,data-th-marginheight}] [1000]: org.thymeleaf.standard.processor.StandardRemovableAttributeTagProcessor
[THYMELEAF]             * [* {th:compact,data-th-compact}] [1000]: org.thymeleaf.standard.processor.StandardRemovableAttributeTagProcessor
[THYMELEAF]             * [* {th:rel,data-th-rel}] [1000]: org.thymeleaf.standard.processor.StandardRemovableAttributeTagProcessor
[THYMELEAF]             * [* {th:src,data-th-src}] [1000]: org.thymeleaf.standard.processor.StandardSrcTagProcessor
[THYMELEAF]             * [* {th:value,data-th-value}] [1000]: org.thymeleaf.standard.processor.StandardValueTagProcessor
[THYMELEAF]             * [* {th:xmlbase,data-th-xmlbase}] [1000]: org.thymeleaf.standard.processor.StandardXmlBaseTagProcessor
[THYMELEAF]             * [* {th:xmllang,data-th-xmllang}] [1000]: org.thymeleaf.standard.processor.StandardXmlLangTagProcessor
[THYMELEAF]             * [* {xmlns:th}] [1000]: org.thymeleaf.standard.processor.StandardXmlNsTagProcessor
[THYMELEAF]             * [* {th:xmlspace,data-th-xmlspace}] [1000]: org.thymeleaf.standard.processor.StandardXmlSpaceTagProcessor
[THYMELEAF]             * [* {th:classappend,data-th-classappend}] [1100]: org.thymeleaf.standard.processor.StandardClassappendTagProcessor
[THYMELEAF]             * [* {th:styleappend,data-th-styleappend}] [1100]: org.thymeleaf.standard.processor.StandardStyleappendTagProcessor
[THYMELEAF]             * [* {th:text,data-th-text}] [1300]: org.thymeleaf.standard.processor.StandardTextTagProcessor
[THYMELEAF]             * [* {th:utext,data-th-utext}] [1400]: org.thymeleaf.standard.processor.StandardUtextTagProcessor
[THYMELEAF]             * [* {th:fragment,data-th-fragment}] [1500]: org.thymeleaf.standard.processor.StandardFragmentTagProcessor
[THYMELEAF]             * [* {th:assert,data-th-assert}] [1550]: org.thymeleaf.standard.processor.StandardAssertTagProcessor
[THYMELEAF]             * [* {th:remove,data-th-remove}] [1600]: org.thymeleaf.standard.processor.StandardRemoveTagProcessor
[THYMELEAF]             * [* {th:ref,data-th-ref}] [10000]: org.thymeleaf.standard.processor.StandardRefAttributeTagProcessor
[THYMELEAF]             * [{th:block,th-block} *] [100000]: org.thymeleaf.standard.processor.StandardBlockTagProcessor
[THYMELEAF]             * [* th:*] [2147483647]: org.thymeleaf.standard.processor.StandardDefaultAttributesTagProcessor
[THYMELEAF]         * Text Processors by [precedence]:
[THYMELEAF]             * [1000]: org.thymeleaf.standard.processor.StandardInliningTextProcessor
[THYMELEAF]         * DOCTYPE Processors by [precedence]:
[THYMELEAF]             * [1000]: org.thymeleaf.standard.processor.StandardTranslationDocTypeProcessor
[THYMELEAF]         * CDATA Section Processors by [precedence]:
[THYMELEAF]             * [1000]: org.thymeleaf.standard.processor.StandardInliningCDATASectionProcessor
[THYMELEAF]         * Comment Processors by [precedence]:
[THYMELEAF]             * [1000]: org.thymeleaf.standard.processor.StandardInliningCommentProcessor
[THYMELEAF]             * [1100]: org.thymeleaf.standard.processor.StandardConditionalCommentProcessor
[THYMELEAF]     * Processors for Template Mode: XML
[THYMELEAF]         * Element Tag Processors by [matching element and attribute name] [precedence]:
[THYMELEAF]             * [* {th:include}] [100]: org.thymeleaf.standard.processor.StandardIncludeTagProcessor
[THYMELEAF]             * [* {th:insert}] [100]: org.thymeleaf.standard.processor.StandardInsertTagProcessor
[THYMELEAF]             * [* {th:replace}] [100]: org.thymeleaf.standard.processor.StandardReplaceTagProcessor
[THYMELEAF]             * [* {th:each}] [200]: com.intuit.karate.template.KarateEachTagProcessor
[THYMELEAF]             * [* {th:switch}] [250]: org.thymeleaf.standard.processor.StandardSwitchTagProcessor
[THYMELEAF]             * [* {th:case}] [275]: org.thymeleaf.standard.processor.StandardCaseTagProcessor
[THYMELEAF]             * [* {th:if}] [300]: org.thymeleaf.standard.processor.StandardIfTagProcessor
[THYMELEAF]             * [* {th:unless}] [400]: org.thymeleaf.standard.processor.StandardUnlessTagProcessor
[THYMELEAF]             * [* {th:object}] [500]: org.thymeleaf.standard.processor.StandardObjectTagProcessor
[THYMELEAF]             * [* {th:with}] [600]: com.intuit.karate.template.KarateWithTagProcessor
[THYMELEAF]             * [* {th:attr}] [700]: com.intuit.karate.template.KarateAttributeTagProcessor.KarateAttrTagProcessor
[THYMELEAF]             * [* {th:attrappend}] [900]: com.intuit.karate.template.KarateAttributeTagProcessor.KarateAttrappendTagProcessor
[THYMELEAF]             * [* {th:attrprepend}] [900]: com.intuit.karate.template.KarateAttributeTagProcessor.KarateAttrprependTagProcessor
[THYMELEAF]             * [* {th:inline}] [1000]: org.thymeleaf.standard.processor.StandardInlineXMLTagProcessor
[THYMELEAF]             * [* {xmlns:th}] [1000]: org.thymeleaf.standard.processor.StandardXmlNsTagProcessor
[THYMELEAF]             * [* {th:text}] [1300]: org.thymeleaf.standard.processor.StandardTextTagProcessor
[THYMELEAF]             * [* {th:utext}] [1400]: org.thymeleaf.standard.processor.StandardUtextTagProcessor
[THYMELEAF]             * [* {th:fragment}] [1500]: org.thymeleaf.standard.processor.StandardFragmentTagProcessor
[THYMELEAF]             * [* {th:assert}] [1550]: org.thymeleaf.standard.processor.StandardAssertTagProcessor
[THYMELEAF]             * [* {th:remove}] [1600]: org.thymeleaf.standard.processor.StandardRemoveTagProcessor
[THYMELEAF]             * [* {th:ref}] [10000]: org.thymeleaf.standard.processor.StandardRefAttributeTagProcessor
[THYMELEAF]             * [{th:block} *] [100000]: org.thymeleaf.standard.processor.StandardBlockTagProcessor
[THYMELEAF]             * [* th:*] [2147483647]: org.thymeleaf.standard.processor.StandardDefaultAttributesTagProcessor
[THYMELEAF]         * Text Processors by [precedence]:
[THYMELEAF]             * [1000]: org.thymeleaf.standard.processor.StandardInliningTextProcessor
[THYMELEAF]         * CDATA Section Processors by [precedence]:
[THYMELEAF]             * [1000]: org.thymeleaf.standard.processor.StandardInliningCDATASectionProcessor
[THYMELEAF]         * Comment Processors by [precedence]:
[THYMELEAF]             * [1000]: org.thymeleaf.standard.processor.StandardInliningCommentProcessor
[THYMELEAF]     * Processors for Template Mode: TEXT
[THYMELEAF]         * Element Tag Processors by [matching element and attribute name] [precedence]:
[THYMELEAF]             * [* {th:insert}] [100]: org.thymeleaf.standard.processor.StandardInsertTagProcessor
[THYMELEAF]             * [* {th:replace}] [100]: org.thymeleaf.standard.processor.StandardReplaceTagProcessor
[THYMELEAF]             * [* {th:each}] [200]: com.intuit.karate.template.KarateEachTagProcessor
[THYMELEAF]             * [* {th:switch}] [250]: org.thymeleaf.standard.processor.StandardSwitchTagProcessor
[THYMELEAF]             * [* {th:case}] [275]: org.thymeleaf.standard.processor.StandardCaseTagProcessor
[THYMELEAF]             * [* {th:if}] [300]: org.thymeleaf.standard.processor.StandardIfTagProcessor
[THYMELEAF]             * [* {th:unless}] [400]: org.thymeleaf.standard.processor.StandardUnlessTagProcessor
[THYMELEAF]             * [* {th:object}] [500]: org.thymeleaf.standard.processor.StandardObjectTagProcessor
[THYMELEAF]             * [* {th:with}] [600]: com.intuit.karate.template.KarateWithTagProcessor
[THYMELEAF]             * [* {th:inline}] [1000]: org.thymeleaf.standard.processor.StandardInlineTextualTagProcessor
[THYMELEAF]             * [* {th:text}] [1300]: org.thymeleaf.standard.processor.StandardTextTagProcessor
[THYMELEAF]             * [* {th:utext}] [1400]: org.thymeleaf.standard.processor.StandardUtextTagProcessor
[THYMELEAF]             * [* {th:assert}] [1550]: org.thymeleaf.standard.processor.StandardAssertTagProcessor
[THYMELEAF]             * [* {th:remove}] [1600]: org.thymeleaf.standard.processor.StandardRemoveTagProcessor
[THYMELEAF]             * [{th:block} *] [100000]: org.thymeleaf.standard.processor.StandardBlockTagProcessor
[THYMELEAF]             * [* 100000] [org.thymeleaf.standard.processor.StandardBlockTagProcessor]: {}
[THYMELEAF]         * Text Processors by [precedence]:
[THYMELEAF]             * [1000]: org.thymeleaf.standard.processor.StandardInliningTextProcessor
[THYMELEAF]     * Processors for Template Mode: JAVASCRIPT
[THYMELEAF]         * Element Tag Processors by [matching element and attribute name] [precedence]:
[THYMELEAF]             * [* {th:insert}] [100]: org.thymeleaf.standard.processor.StandardInsertTagProcessor
[THYMELEAF]             * [* {th:replace}] [100]: org.thymeleaf.standard.processor.StandardReplaceTagProcessor
[THYMELEAF]             * [* {th:each}] [200]: com.intuit.karate.template.KarateEachTagProcessor
[THYMELEAF]             * [* {th:switch}] [250]: org.thymeleaf.standard.processor.StandardSwitchTagProcessor
[THYMELEAF]             * [* {th:case}] [275]: org.thymeleaf.standard.processor.StandardCaseTagProcessor
[THYMELEAF]             * [* {th:if}] [300]: org.thymeleaf.standard.processor.StandardIfTagProcessor
[THYMELEAF]             * [* {th:unless}] [400]: org.thymeleaf.standard.processor.StandardUnlessTagProcessor
[THYMELEAF]             * [* {th:object}] [500]: org.thymeleaf.standard.processor.StandardObjectTagProcessor
[THYMELEAF]             * [* {th:with}] [600]: com.intuit.karate.template.KarateWithTagProcessor
[THYMELEAF]             * [* {th:inline}] [1000]: org.thymeleaf.standard.processor.StandardInlineTextualTagProcessor
[THYMELEAF]             * [* {th:text}] [1300]: org.thymeleaf.standard.processor.StandardTextTagProcessor
[THYMELEAF]             * [* {th:utext}] [1400]: org.thymeleaf.standard.processor.StandardUtextTagProcessor
[THYMELEAF]             * [* {th:assert}] [1550]: org.thymeleaf.standard.processor.StandardAssertTagProcessor
[THYMELEAF]             * [* {th:remove}] [1600]: org.thymeleaf.standard.processor.StandardRemoveTagProcessor
[THYMELEAF]             * [* 100000] [org.thymeleaf.standard.processor.StandardBlockTagProcessor]: {}
[THYMELEAF]             * [{th:block} *] [100000]: org.thymeleaf.standard.processor.StandardBlockTagProcessor
[THYMELEAF]         * Text Processors by [precedence]:
[THYMELEAF]             * [1000]: org.thymeleaf.standard.processor.StandardInliningTextProcessor
[THYMELEAF]     * Processors for Template Mode: CSS
[THYMELEAF]         * Element Tag Processors by [matching element and attribute name] [precedence]:
[THYMELEAF]             * [* {th:insert}] [100]: org.thymeleaf.standard.processor.StandardInsertTagProcessor
[THYMELEAF]             * [* {th:replace}] [100]: org.thymeleaf.standard.processor.StandardReplaceTagProcessor
[THYMELEAF]             * [* {th:each}] [200]: com.intuit.karate.template.KarateEachTagProcessor
[THYMELEAF]             * [* {th:switch}] [250]: org.thymeleaf.standard.processor.StandardSwitchTagProcessor
[THYMELEAF]             * [* {th:case}] [275]: org.thymeleaf.standard.processor.StandardCaseTagProcessor
[THYMELEAF]             * [* {th:if}] [300]: org.thymeleaf.standard.processor.StandardIfTagProcessor
[THYMELEAF]             * [* {th:unless}] [400]: org.thymeleaf.standard.processor.StandardUnlessTagProcessor
[THYMELEAF]             * [* {th:object}] [500]: org.thymeleaf.standard.processor.StandardObjectTagProcessor
[THYMELEAF]             * [* {th:with}] [600]: com.intuit.karate.template.KarateWithTagProcessor
[THYMELEAF]             * [* {th:inline}] [1000]: org.thymeleaf.standard.processor.StandardInlineTextualTagProcessor
[THYMELEAF]             * [* {th:text}] [1300]: org.thymeleaf.standard.processor.StandardTextTagProcessor
[THYMELEAF]             * [* {th:utext}] [1400]: org.thymeleaf.standard.processor.StandardUtextTagProcessor
[THYMELEAF]             * [* {th:assert}] [1550]: org.thymeleaf.standard.processor.StandardAssertTagProcessor
[THYMELEAF]             * [* {th:remove}] [1600]: org.thymeleaf.standard.processor.StandardRemoveTagProcessor
[THYMELEAF]             * [{th:block} *] [100000]: org.thymeleaf.standard.processor.StandardBlockTagProcessor
[THYMELEAF]             * [* 100000] [org.thymeleaf.standard.processor.StandardBlockTagProcessor]: {}
[THYMELEAF]         * Text Processors by [precedence]:
[THYMELEAF]             * [1000]: org.thymeleaf.standard.processor.StandardInliningTextProcessor
[THYMELEAF]     * Expression Objects:
[THYMELEAF]         * #ctx
[THYMELEAF]         * #root
[THYMELEAF]         * #vars
[THYMELEAF]         * #object
[THYMELEAF]         * #locale
[THYMELEAF]         * #conversions
[THYMELEAF]         * #uris
[THYMELEAF]         * #temporals
[THYMELEAF]         * #calendars
[THYMELEAF]         * #dates
[THYMELEAF]         * #bools
[THYMELEAF]         * #numbers
[THYMELEAF]         * #objects
[THYMELEAF]         * #strings
[THYMELEAF]         * #arrays
[THYMELEAF]         * #lists
[THYMELEAF]         * #sets
[THYMELEAF]         * #maps
[THYMELEAF]         * #aggregates
[THYMELEAF]         * #messages
[THYMELEAF]         * #ids
[THYMELEAF]         * #execInfo
[THYMELEAF]         * #request
[THYMELEAF]         * #response
[THYMELEAF]         * #session
[THYMELEAF]         * #servletContext
[THYMELEAF]     * Execution Attributes:
[THYMELEAF]         * "StandardExpressionParser": com.intuit.karate.template.KarateStandardDialect@1ba35152
[THYMELEAF]         * "StandardJavaScriptSerializer": org.thymeleaf.standard.serializer.StandardJavaScriptSerializer@7b3c2ae0
[THYMELEAF]         * "StandardCSSSerializer": org.thymeleaf.standard.serializer.StandardCSSSerializer@5d3b6585
[THYMELEAF]         * "StandardVariableExpressionEvaluator": com.intuit.karate.template.KarateStandardDialect@1ba35152
[THYMELEAF]         * "StandardConversionService": org.thymeleaf.standard.expression.StandardConversionService@41059616
[THYMELEAF] * Dialect [2 of 2]: karate (com.intuit.karate.template.KarateScriptDialect)
[THYMELEAF]     * Prefix: "ka"
[THYMELEAF]     * Processors for Template Mode: HTML
[THYMELEAF]         * Element Tag Processors by [matching element and attribute name] [precedence]:
[THYMELEAF]             * [* {src}] [1000]: com.intuit.karate.template.KaScriptAttrProcessor
[THYMELEAF]         * Element Model Processors by [matching element and attribute name] [precedence]:
[THYMELEAF]             * [{script} {ka:scope,data-ka-scope}] [1000]: com.intuit.karate.template.KaScriptElemProcessor
[THYMELEAF]             * [* {ka:set,data-ka-set}] [1000]: com.intuit.karate.template.KaSetElemProcessor
[THYMELEAF] TEMPLATE ENGINE CONFIGURED OK
13:37:17.562 [main] DEBUG org.thymeleaf.TemplateEngine -- [THYMELEAF] TEMPLATE ENGINE INITIALIZED

HTML report: (paste into browser to view) | Karate version: 1.4.1
file:///C:/Users/mburh/karate-api-tests/target/karate-reports/karate-summary.html
===================================================================

]]></system-out>
  </testcase>
</testsuite>